memory[0]=0x00A80010
memory[1]=0x00A90011
memory[2]=0x00AA0012
memory[3]=0x00AF0013
memory[4]=0x007F0004
memory[5]=0x00490005
memory[6]=0x00650004
memory[7]=0x01260002
memory[8]=0x00030003
memory[9]=0x000A0001
memory[10]=0x00000000
memory[11]=0x00120002
memory[12]=0x003F0007
memory[13]=0x010E0001
memory[14]=0x0136FFF5
memory[15]=0x01800000
memory[16]=0x0000183B
memory[17]=0x00000595
memory[18]=0xFFFFFFFF
memory[19]=0x00000001

@@@
state:
	pc 0
	memory:
		mem[ 0 ] 0x00A80010
		mem[ 1 ] 0x00A90011
		mem[ 2 ] 0x00AA0012
		mem[ 3 ] 0x00AF0013
		mem[ 4 ] 0x007F0004
		mem[ 5 ] 0x00490005
		mem[ 6 ] 0x00650004
		mem[ 7 ] 0x01260002
		mem[ 8 ] 0x00030003
		mem[ 9 ] 0x000A0001
		mem[ 10 ] 0x00000000
		mem[ 11 ] 0x00120002
		mem[ 12 ] 0x003F0007
		mem[ 13 ] 0x010E0001
		mem[ 14 ] 0x0136FFF5
		mem[ 15 ] 0x01800000
		mem[ 16 ] 0x0000183B
		mem[ 17 ] 0x00000595
		mem[ 18 ] 0xFFFFFFFF
		mem[ 19 ] 0x00000001
	registers:
		reg[ 0 ] 0
		reg[ 1 ] 0
		reg[ 2 ] 0
		reg[ 3 ] 0
		reg[ 4 ] 0
		reg[ 5 ] 0
		reg[ 6 ] 0
		reg[ 7 ] 0
end state

@@@
state:
	pc 1
	memory:
		mem[ 0 ] 0x00A80010
		mem[ 1 ] 0x00A90011
		mem[ 2 ] 0x00AA0012
		mem[ 3 ] 0x00AF0013
		mem[ 4 ] 0x007F0004
		mem[ 5 ] 0x00490005
		mem[ 6 ] 0x00650004
		mem[ 7 ] 0x01260002
		mem[ 8 ] 0x00030003
		mem[ 9 ] 0x000A0001
		mem[ 10 ] 0x00000000
		mem[ 11 ] 0x00120002
		mem[ 12 ] 0x003F0007
		mem[ 13 ] 0x010E0001
		mem[ 14 ] 0x0136FFF5
		mem[ 15 ] 0x01800000
		mem[ 16 ] 0x0000183B
		mem[ 17 ] 0x00000595
		mem[ 18 ] 0xFFFFFFFF
		mem[ 19 ] 0x00000001
	registers:
		reg[ 0 ] 6203
		reg[ 1 ] 0
		reg[ 2 ] 0
		reg[ 3 ] 0
		reg[ 4 ] 0
		reg[ 5 ] 0
		reg[ 6 ] 0
		reg[ 7 ] 0
end state

@@@
state:
	pc 2
	memory:
		mem[ 0 ] 0x00A80010
		mem[ 1 ] 0x00A90011
		mem[ 2 ] 0x00AA0012
		mem[ 3 ] 0x00AF0013
		mem[ 4 ] 0x007F0004
		mem[ 5 ] 0x00490005
		mem[ 6 ] 0x00650004
		mem[ 7 ] 0x01260002
		mem[ 8 ] 0x00030003
		mem[ 9 ] 0x000A0001
		mem[ 10 ] 0x00000000
		mem[ 11 ] 0x00120002
		mem[ 12 ] 0x003F0007
		mem[ 13 ] 0x010E0001
		mem[ 14 ] 0x0136FFF5
		mem[ 15 ] 0x01800000
		mem[ 16 ] 0x0000183B
		mem[ 17 ] 0x00000595
		mem[ 18 ] 0xFFFFFFFF
		mem[ 19 ] 0x00000001
	registers:
		reg[ 0 ] 6203
		reg[ 1 ] 1429
		reg[ 2 ] 0
		reg[ 3 ] 0
		reg[ 4 ] 0
		reg[ 5 ] 0
		reg[ 6 ] 0
		reg[ 7 ] 0
end state

@@@
state:
	pc 3
	memory:
		mem[ 0 ] 0x00A80010
		mem[ 1 ] 0x00A90011
		mem[ 2 ] 0x00AA0012
		mem[ 3 ] 0x00AF0013
		mem[ 4 ] 0x007F0004
		mem[ 5 ] 0x00490005
		mem[ 6 ] 0x00650004
		mem[ 7 ] 0x01260002
		mem[ 8 ] 0x00030003
		mem[ 9 ] 0x000A0001
		mem[ 10 ] 0x00000000
		mem[ 11 ] 0x00120002
		mem[ 12 ] 0x003F0007
		mem[ 13 ] 0x010E0001
		mem[ 14 ] 0x0136FFF5
		mem[ 15 ] 0x01800000
		mem[ 16 ] 0x0000183B
		mem[ 17 ] 0x00000595
		mem[ 18 ] 0xFFFFFFFF
		mem[ 19 ] 0x00000001
	registers:
		reg[ 0 ] 6203
		reg[ 1 ] 1429
		reg[ 2 ] -1
		reg[ 3 ] 0
		reg[ 4 ] 0
		reg[ 5 ] 0
		reg[ 6 ] 0
		reg[ 7 ] 0
end state

@@@
state:
	pc 4
	memory:
		mem[ 0 ] 0x00A80010
		mem[ 1 ] 0x00A90011
		mem[ 2 ] 0x00AA0012
		mem[ 3 ] 0x00AF0013
		mem[ 4 ] 0x007F0004
		mem[ 5 ] 0x00490005
		mem[ 6 ] 0x00650004
		mem[ 7 ] 0x01260002
		mem[ 8 ] 0x00030003
		mem[ 9 ] 0x000A0001
		mem[ 10 ] 0x00000000
		mem[ 11 ] 0x00120002
		mem[ 12 ] 0x003F0007
		mem[ 13 ] 0x010E0001
		mem[ 14 ] 0x0136FFF5
		mem[ 15 ] 0x01800000
		mem[ 16 ] 0x0000183B
		mem[ 17 ] 0x00000595
		mem[ 18 ] 0xFFFFFFFF
		mem[ 19 ] 0x00000001
	registers:
		reg[ 0 ] 6203
		reg[ 1 ] 1429
		reg[ 2 ] -1
		reg[ 3 ] 0
		reg[ 4 ] 0
		reg[ 5 ] 0
		reg[ 6 ] 0
		reg[ 7 ] 1
end state

@@@
state:
	pc 5
	memory:
		mem[ 0 ] 0x00A80010
		mem[ 1 ] 0x00A90011
		mem[ 2 ] 0x00AA0012
		mem[ 3 ] 0x00AF0013
		mem[ 4 ] 0x007F0004
		mem[ 5 ] 0x00490005
		mem[ 6 ] 0x00650004
		mem[ 7 ] 0x01260002
		mem[ 8 ] 0x00030003
		mem[ 9 ] 0x000A0001
		mem[ 10 ] 0x00000000
		mem[ 11 ] 0x00120002
		mem[ 12 ] 0x003F0007
		mem[ 13 ] 0x010E0001
		mem[ 14 ] 0x0136FFF5
		mem[ 15 ] 0x01800000
		mem[ 16 ] 0x0000183B
		mem[ 17 ] 0x00000595
		mem[ 18 ] 0xFFFFFFFF
		mem[ 19 ] 0x00000001
	registers:
		reg[ 0 ] 6203
		reg[ 1 ] 1429
		reg[ 2 ] -1
		reg[ 3 ] 0
		reg[ 4 ] -2
		reg[ 5 ] 0
		reg[ 6 ] 0
		reg[ 7 ] 1
end state

@@@
state:
	pc 6
	memory:
		mem[ 0 ] 0x00A80010
		mem[ 1 ] 0x00A90011
		mem[ 2 ] 0x00AA0012
		mem[ 3 ] 0x00AF0013
		mem[ 4 ] 0x007F0004
		mem[ 5 ] 0x00490005
		mem[ 6 ] 0x00650004
		mem[ 7 ] 0x01260002
		mem[ 8 ] 0x00030003
		mem[ 9 ] 0x000A0001
		mem[ 10 ] 0x00000000
		mem[ 11 ] 0x00120002
		mem[ 12 ] 0x003F0007
		mem[ 13 ] 0x010E0001
		mem[ 14 ] 0x0136FFF5
		mem[ 15 ] 0x01800000
		mem[ 16 ] 0x0000183B
		mem[ 17 ] 0x00000595
		mem[ 18 ] 0xFFFFFFFF
		mem[ 19 ] 0x00000001
	registers:
		reg[ 0 ] 6203
		reg[ 1 ] 1429
		reg[ 2 ] -1
		reg[ 3 ] 0
		reg[ 4 ] -2
		reg[ 5 ] -1430
		reg[ 6 ] 0
		reg[ 7 ] 1
end state

@@@
state:
	pc 7
	memory:
		mem[ 0 ] 0x00A80010
		mem[ 1 ] 0x00A90011
		mem[ 2 ] 0x00AA0012
		mem[ 3 ] 0x00AF0013
		mem[ 4 ] 0x007F0004
		mem[ 5 ] 0x00490005
		mem[ 6 ] 0x00650004
		mem[ 7 ] 0x01260002
		mem[ 8 ] 0x00030003
		mem[ 9 ] 0x000A0001
		mem[ 10 ] 0x00000000
		mem[ 11 ] 0x00120002
		mem[ 12 ] 0x003F0007
		mem[ 13 ] 0x010E0001
		mem[ 14 ] 0x0136FFF5
		mem[ 15 ] 0x01800000
		mem[ 16 ] 0x0000183B
		mem[ 17 ] 0x00000595
		mem[ 18 ] 0xFFFFFFFF
		mem[ 19 ] 0x00000001
	registers:
		reg[ 0 ] 6203
		reg[ 1 ] 1429
		reg[ 2 ] -1
		reg[ 3 ] 0
		reg[ 4 ] 1
		reg[ 5 ] -1430
		reg[ 6 ] 0
		reg[ 7 ] 1
end state

@@@
state:
	pc 8
	memory:
		mem[ 0 ] 0x00A80010
		mem[ 1 ] 0x00A90011
		mem[ 2 ] 0x00AA0012
		mem[ 3 ] 0x00AF0013
		mem[ 4 ] 0x007F0004
		mem[ 5 ] 0x00490005
		mem[ 6 ] 0x00650004
		mem[ 7 ] 0x01260002
		mem[ 8 ] 0x00030003
		mem[ 9 ] 0x000A0001
		mem[ 10 ] 0x00000000
		mem[ 11 ] 0x00120002
		mem[ 12 ] 0x003F0007
		mem[ 13 ] 0x010E0001
		mem[ 14 ] 0x0136FFF5
		mem[ 15 ] 0x01800000
		mem[ 16 ] 0x0000183B
		mem[ 17 ] 0x00000595
		mem[ 18 ] 0xFFFFFFFF
		mem[ 19 ] 0x00000001
	registers:
		reg[ 0 ] 6203
		reg[ 1 ] 1429
		reg[ 2 ] -1
		reg[ 3 ] 0
		reg[ 4 ] 1
		reg[ 5 ] -1430
		reg[ 6 ] 0
		reg[ 7 ] 1
end state

@@@
state:
	pc 9
	memory:
		mem[ 0 ] 0x00A80010
		mem[ 1 ] 0x00A90011
		mem[ 2 ] 0x00AA0012
		mem[ 3 ] 0x00AF0013
		mem[ 4 ] 0x007F0004
		mem[ 5 ] 0x00490005
		mem[ 6 ] 0x00650004
		mem[ 7 ] 0x01260002
		mem[ 8 ] 0x00030003
		mem[ 9 ] 0x000A0001
		mem[ 10 ] 0x00000000
		mem[ 11 ] 0x00120002
		mem[ 12 ] 0x003F0007
		mem[ 13 ] 0x010E0001
		mem[ 14 ] 0x0136FFF5
		mem[ 15 ] 0x01800000
		mem[ 16 ] 0x0000183B
		mem[ 17 ] 0x00000595
		mem[ 18 ] 0xFFFFFFFF
		mem[ 19 ] 0x00000001
	registers:
		reg[ 0 ] 6203
		reg[ 1 ] 1429
		reg[ 2 ] -1
		reg[ 3 ] 6203
		reg[ 4 ] 1
		reg[ 5 ] -1430
		reg[ 6 ] 0
		reg[ 7 ] 1
end state

@@@
state:
	pc 10
	memory:
		mem[ 0 ] 0x00A80010
		mem[ 1 ] 0x00A90011
		mem[ 2 ] 0x00AA0012
		mem[ 3 ] 0x00AF0013
		mem[ 4 ] 0x007F0004
		mem[ 5 ] 0x00490005
		mem[ 6 ] 0x00650004
		mem[ 7 ] 0x01260002
		mem[ 8 ] 0x00030003
		mem[ 9 ] 0x000A0001
		mem[ 10 ] 0x00000000
		mem[ 11 ] 0x00120002
		mem[ 12 ] 0x003F0007
		mem[ 13 ] 0x010E0001
		mem[ 14 ] 0x0136FFF5
		mem[ 15 ] 0x01800000
		mem[ 16 ] 0x0000183B
		mem[ 17 ] 0x00000595
		mem[ 18 ] 0xFFFFFFFF
		mem[ 19 ] 0x00000001
	registers:
		reg[ 0 ] 6203
		reg[ 1 ] 1428
		reg[ 2 ] -1
		reg[ 3 ] 6203
		reg[ 4 ] 1
		reg[ 5 ] -1430
		reg[ 6 ] 0
		reg[ 7 ] 1
end state

@@@
state:
	pc 11
	memory:
		mem[ 0 ] 0x00A80010
		mem[ 1 ] 0x00A90011
		mem[ 2 ] 0x00AA0012
		mem[ 3 ] 0x00AF0013
		mem[ 4 ] 0x007F0004
		mem[ 5 ] 0x00490005
		mem[ 6 ] 0x00650004
		mem[ 7 ] 0x01260002
		mem[ 8 ] 0x00030003
		mem[ 9 ] 0x000A0001
		mem[ 10 ] 0x00000000
		mem[ 11 ] 0x00120002
		mem[ 12 ] 0x003F0007
		mem[ 13 ] 0x010E0001
		mem[ 14 ] 0x0136FFF5
		mem[ 15 ] 0x01800000
		mem[ 16 ] 0x0000183B
		mem[ 17 ] 0x00000595
		mem[ 18 ] 0xFFFFFFFF
		mem[ 19 ] 0x00000001
	registers:
		reg[ 0 ] 12406
		reg[ 1 ] 1428
		reg[ 2 ] -1
		reg[ 3 ] 6203
		reg[ 4 ] 1
		reg[ 5 ] -1430
		reg[ 6 ] 0
		reg[ 7 ] 1
end state

@@@
state:
	pc 12
	memory:
		mem[ 0 ] 0x00A80010
		mem[ 1 ] 0x00A90011
		mem[ 2 ] 0x00AA0012
		mem[ 3 ] 0x00AF0013
		mem[ 4 ] 0x007F0004
		mem[ 5 ] 0x00490005
		mem[ 6 ] 0x00650004
		mem[ 7 ] 0x01260002
		mem[ 8 ] 0x00030003
		mem[ 9 ] 0x000A0001
		mem[ 10 ] 0x00000000
		mem[ 11 ] 0x00120002
		mem[ 12 ] 0x003F0007
		mem[ 13 ] 0x010E0001
		mem[ 14 ] 0x0136FFF5
		mem[ 15 ] 0x01800000
		mem[ 16 ] 0x0000183B
		mem[ 17 ] 0x00000595
		mem[ 18 ] 0xFFFFFFFF
		mem[ 19 ] 0x00000001
	registers:
		reg[ 0 ] 12406
		reg[ 1 ] 1428
		reg[ 2 ] -2
		reg[ 3 ] 6203
		reg[ 4 ] 1
		reg[ 5 ] -1430
		reg[ 6 ] 0
		reg[ 7 ] 1
end state

@@@
state:
	pc 13
	memory:
		mem[ 0 ] 0x00A80010
		mem[ 1 ] 0x00A90011
		mem[ 2 ] 0x00AA0012
		mem[ 3 ] 0x00AF0013
		mem[ 4 ] 0x007F0004
		mem[ 5 ] 0x00490005
		mem[ 6 ] 0x00650004
		mem[ 7 ] 0x01260002
		mem[ 8 ] 0x00030003
		mem[ 9 ] 0x000A0001
		mem[ 10 ] 0x00000000
		mem[ 11 ] 0x00120002
		mem[ 12 ] 0x003F0007
		mem[ 13 ] 0x010E0001
		mem[ 14 ] 0x0136FFF5
		mem[ 15 ] 0x01800000
		mem[ 16 ] 0x0000183B
		mem[ 17 ] 0x00000595
		mem[ 18 ] 0xFFFFFFFF
		mem[ 19 ] 0x00000001
	registers:
		reg[ 0 ] 12406
		reg[ 1 ] 1428
		reg[ 2 ] -2
		reg[ 3 ] 6203
		reg[ 4 ] 1
		reg[ 5 ] -1430
		reg[ 6 ] 0
		reg[ 7 ] 2
end state

@@@
state:
	pc 14
	memory:
		mem[ 0 ] 0x00A80010
		mem[ 1 ] 0x00A90011
		mem[ 2 ] 0x00AA0012
		mem[ 3 ] 0x00AF0013
		mem[ 4 ] 0x007F0004
		mem[ 5 ] 0x00490005
		mem[ 6 ] 0x00650004
		mem[ 7 ] 0x01260002
		mem[ 8 ] 0x00030003
		mem[ 9 ] 0x000A0001
		mem[ 10 ] 0x00000000
		mem[ 11 ] 0x00120002
		mem[ 12 ] 0x003F0007
		mem[ 13 ] 0x010E0001
		mem[ 14 ] 0x0136FFF5
		mem[ 15 ] 0x01800000
		mem[ 16 ] 0x0000183B
		mem[ 17 ] 0x00000595
		mem[ 18 ] 0xFFFFFFFF
		mem[ 19 ] 0x00000001
	registers:
		reg[ 0 ] 12406
		reg[ 1 ] 1428
		reg[ 2 ] -2
		reg[ 3 ] 6203
		reg[ 4 ] 1
		reg[ 5 ] -1430
		reg[ 6 ] 0
		reg[ 7 ] 2
end state

@@@
state:
	pc 4
	memory:
		mem[ 0 ] 0x00A80010
		mem[ 1 ] 0x00A90011
		mem[ 2 ] 0x00AA0012
		mem[ 3 ] 0x00AF0013
		mem[ 4 ] 0x007F0004
		mem[ 5 ] 0x00490005
		mem[ 6 ] 0x00650004
		mem[ 7 ] 0x01260002
		mem[ 8 ] 0x00030003
		mem[ 9 ] 0x000A0001
		mem[ 10 ] 0x00000000
		mem[ 11 ] 0x00120002
		mem[ 12 ] 0x003F0007
		mem[ 13 ] 0x010E0001
		mem[ 14 ] 0x0136FFF5
		mem[ 15 ] 0x01800000
		mem[ 16 ] 0x0000183B
		mem[ 17 ] 0x00000595
		mem[ 18 ] 0xFFFFFFFF
		mem[ 19 ] 0x00000001
	registers:
		reg[ 0 ] 12406
		reg[ 1 ] 1428
		reg[ 2 ] -2
		reg[ 3 ] 6203
		reg[ 4 ] 1
		reg[ 5 ] -1430
		reg[ 6 ] 0
		reg[ 7 ] 2
end state

@@@
state:
	pc 5
	memory:
		mem[ 0 ] 0x00A80010
		mem[ 1 ] 0x00A90011
		mem[ 2 ] 0x00AA0012
		mem[ 3 ] 0x00AF0013
		mem[ 4 ] 0x007F0004
		mem[ 5 ] 0x00490005
		mem[ 6 ] 0x00650004
		mem[ 7 ] 0x01260002
		mem[ 8 ] 0x00030003
		mem[ 9 ] 0x000A0001
		mem[ 10 ] 0x00000000
		mem[ 11 ] 0x00120002
		mem[ 12 ] 0x003F0007
		mem[ 13 ] 0x010E0001
		mem[ 14 ] 0x0136FFF5
		mem[ 15 ] 0x01800000
		mem[ 16 ] 0x0000183B
		mem[ 17 ] 0x00000595
		mem[ 18 ] 0xFFFFFFFF
		mem[ 19 ] 0x00000001
	registers:
		reg[ 0 ] 12406
		reg[ 1 ] 1428
		reg[ 2 ] -2
		reg[ 3 ] 6203
		reg[ 4 ] -3
		reg[ 5 ] -1430
		reg[ 6 ] 0
		reg[ 7 ] 2
end state

@@@
state:
	pc 6
	memory:
		mem[ 0 ] 0x00A80010
		mem[ 1 ] 0x00A90011
		mem[ 2 ] 0x00AA0012
		mem[ 3 ] 0x00AF0013
		mem[ 4 ] 0x007F0004
		mem[ 5 ] 0x00490005
		mem[ 6 ] 0x00650004
		mem[ 7 ] 0x01260002
		mem[ 8 ] 0x00030003
		mem[ 9 ] 0x000A0001
		mem[ 10 ] 0x00000000
		mem[ 11 ] 0x00120002
		mem[ 12 ] 0x003F0007
		mem[ 13 ] 0x010E0001
		mem[ 14 ] 0x0136FFF5
		mem[ 15 ] 0x01800000
		mem[ 16 ] 0x0000183B
		mem[ 17 ] 0x00000595
		mem[ 18 ] 0xFFFFFFFF
		mem[ 19 ] 0x00000001
	registers:
		reg[ 0 ] 12406
		reg[ 1 ] 1428
		reg[ 2 ] -2
		reg[ 3 ] 6203
		reg[ 4 ] -3
		reg[ 5 ] -1429
		reg[ 6 ] 0
		reg[ 7 ] 2
end state

@@@
state:
	pc 7
	memory:
		mem[ 0 ] 0x00A80010
		mem[ 1 ] 0x00A90011
		mem[ 2 ] 0x00AA0012
		mem[ 3 ] 0x00AF0013
		mem[ 4 ] 0x007F0004
		mem[ 5 ] 0x00490005
		mem[ 6 ] 0x00650004
		mem[ 7 ] 0x01260002
		mem[ 8 ] 0x00030003
		mem[ 9 ] 0x000A0001
		mem[ 10 ] 0x00000000
		mem[ 11 ] 0x00120002
		mem[ 12 ] 0x003F0007
		mem[ 13 ] 0x010E0001
		mem[ 14 ] 0x0136FFF5
		mem[ 15 ] 0x01800000
		mem[ 16 ] 0x0000183B
		mem[ 17 ] 0x00000595
		mem[ 18 ] 0xFFFFFFFF
		mem[ 19 ] 0x00000001
	registers:
		reg[ 0 ] 12406
		reg[ 1 ] 1428
		reg[ 2 ] -2
		reg[ 3 ] 6203
		reg[ 4 ] 0
		reg[ 5 ] -1429
		reg[ 6 ] 0
		reg[ 7 ] 2
end state

@@@
state:
	pc 10
	memory:
		mem[ 0 ] 0x00A80010
		mem[ 1 ] 0x00A90011
		mem[ 2 ] 0x00AA0012
		mem[ 3 ] 0x00AF0013
		mem[ 4 ] 0x007F0004
		mem[ 5 ] 0x00490005
		mem[ 6 ] 0x00650004
		mem[ 7 ] 0x01260002
		mem[ 8 ] 0x00030003
		mem[ 9 ] 0x000A0001
		mem[ 10 ] 0x00000000
		mem[ 11 ] 0x00120002
		mem[ 12 ] 0x003F0007
		mem[ 13 ] 0x010E0001
		mem[ 14 ] 0x0136FFF5
		mem[ 15 ] 0x01800000
		mem[ 16 ] 0x0000183B
		mem[ 17 ] 0x00000595
		mem[ 18 ] 0xFFFFFFFF
		mem[ 19 ] 0x00000001
	registers:
		reg[ 0 ] 12406
		reg[ 1 ] 1428
		reg[ 2 ] -2
		reg[ 3 ] 6203
		reg[ 4 ] 0
		reg[ 5 ] -1429
		reg[ 6 ] 0
		reg[ 7 ] 2
end state

@@@
state:
	pc 11
	memory:
		mem[ 0 ] 0x00A80010
		mem[ 1 ] 0x00A90011
		mem[ 2 ] 0x00AA0012
		mem[ 3 ] 0x00AF0013
		mem[ 4 ] 0x007F0004
		mem[ 5 ] 0x00490005
		mem[ 6 ] 0x00650004
		mem[ 7 ] 0x01260002
		mem[ 8 ] 0x00030003
		mem[ 9 ] 0x000A0001
		mem[ 10 ] 0x00000000
		mem[ 11 ] 0x00120002
		mem[ 12 ] 0x003F0007
		mem[ 13 ] 0x010E0001
		mem[ 14 ] 0x0136FFF5
		mem[ 15 ] 0x01800000
		mem[ 16 ] 0x0000183B
		mem[ 17 ] 0x00000595
		mem[ 18 ] 0xFFFFFFFF
		mem[ 19 ] 0x00000001
	registers:
		reg[ 0 ] 24812
		reg[ 1 ] 1428
		reg[ 2 ] -2
		reg[ 3 ] 6203
		reg[ 4 ] 0
		reg[ 5 ] -1429
		reg[ 6 ] 0
		reg[ 7 ] 2
end state

@@@
state:
	pc 12
	memory:
		mem[ 0 ] 0x00A80010
		mem[ 1 ] 0x00A90011
		mem[ 2 ] 0x00AA0012
		mem[ 3 ] 0x00AF0013
		mem[ 4 ] 0x007F0004
		mem[ 5 ] 0x00490005
		mem[ 6 ] 0x00650004
		mem[ 7 ] 0x01260002
		mem[ 8 ] 0x00030003
		mem[ 9 ] 0x000A0001
		mem[ 10 ] 0x00000000
		mem[ 11 ] 0x00120002
		mem[ 12 ] 0x003F0007
		mem[ 13 ] 0x010E0001
		mem[ 14 ] 0x0136FFF5
		mem[ 15 ] 0x01800000
		mem[ 16 ] 0x0000183B
		mem[ 17 ] 0x00000595
		mem[ 18 ] 0xFFFFFFFF
		mem[ 19 ] 0x00000001
	registers:
		reg[ 0 ] 24812
		reg[ 1 ] 1428
		reg[ 2 ] -4
		reg[ 3 ] 6203
		reg[ 4 ] 0
		reg[ 5 ] -1429
		reg[ 6 ] 0
		reg[ 7 ] 2
end state

@@@
state:
	pc 13
	memory:
		mem[ 0 ] 0x00A80010
		mem[ 1 ] 0x00A90011
		mem[ 2 ] 0x00AA0012
		mem[ 3 ] 0x00AF0013
		mem[ 4 ] 0x007F0004
		mem[ 5 ] 0x00490005
		mem[ 6 ] 0x00650004
		mem[ 7 ] 0x01260002
		mem[ 8 ] 0x00030003
		mem[ 9 ] 0x000A0001
		mem[ 10 ] 0x00000000
		mem[ 11 ] 0x00120002
		mem[ 12 ] 0x003F0007
		mem[ 13 ] 0x010E0001
		mem[ 14 ] 0x0136FFF5
		mem[ 15 ] 0x01800000
		mem[ 16 ] 0x0000183B
		mem[ 17 ] 0x00000595
		mem[ 18 ] 0xFFFFFFFF
		mem[ 19 ] 0x00000001
	registers:
		reg[ 0 ] 24812
		reg[ 1 ] 1428
		reg[ 2 ] -4
		reg[ 3 ] 6203
		reg[ 4 ] 0
		reg[ 5 ] -1429
		reg[ 6 ] 0
		reg[ 7 ] 4
end state

@@@
state:
	pc 14
	memory:
		mem[ 0 ] 0x00A80010
		mem[ 1 ] 0x00A90011
		mem[ 2 ] 0x00AA0012
		mem[ 3 ] 0x00AF0013
		mem[ 4 ] 0x007F0004
		mem[ 5 ] 0x00490005
		mem[ 6 ] 0x00650004
		mem[ 7 ] 0x01260002
		mem[ 8 ] 0x00030003
		mem[ 9 ] 0x000A0001
		mem[ 10 ] 0x00000000
		mem[ 11 ] 0x00120002
		mem[ 12 ] 0x003F0007
		mem[ 13 ] 0x010E0001
		mem[ 14 ] 0x0136FFF5
		mem[ 15 ] 0x01800000
		mem[ 16 ] 0x0000183B
		mem[ 17 ] 0x00000595
		mem[ 18 ] 0xFFFFFFFF
		mem[ 19 ] 0x00000001
	registers:
		reg[ 0 ] 24812
		reg[ 1 ] 1428
		reg[ 2 ] -4
		reg[ 3 ] 6203
		reg[ 4 ] 0
		reg[ 5 ] -1429
		reg[ 6 ] 0
		reg[ 7 ] 4
end state

@@@
state:
	pc 4
	memory:
		mem[ 0 ] 0x00A80010
		mem[ 1 ] 0x00A90011
		mem[ 2 ] 0x00AA0012
		mem[ 3 ] 0x00AF0013
		mem[ 4 ] 0x007F0004
		mem[ 5 ] 0x00490005
		mem[ 6 ] 0x00650004
		mem[ 7 ] 0x01260002
		mem[ 8 ] 0x00030003
		mem[ 9 ] 0x000A0001
		mem[ 10 ] 0x00000000
		mem[ 11 ] 0x00120002
		mem[ 12 ] 0x003F0007
		mem[ 13 ] 0x010E0001
		mem[ 14 ] 0x0136FFF5
		mem[ 15 ] 0x01800000
		mem[ 16 ] 0x0000183B
		mem[ 17 ] 0x00000595
		mem[ 18 ] 0xFFFFFFFF
		mem[ 19 ] 0x00000001
	registers:
		reg[ 0 ] 24812
		reg[ 1 ] 1428
		reg[ 2 ] -4
		reg[ 3 ] 6203
		reg[ 4 ] 0
		reg[ 5 ] -1429
		reg[ 6 ] 0
		reg[ 7 ] 4
end state

@@@
state:
	pc 5
	memory:
		mem[ 0 ] 0x00A80010
		mem[ 1 ] 0x00A90011
		mem[ 2 ] 0x00AA0012
		mem[ 3 ] 0x00AF0013
		mem[ 4 ] 0x007F0004
		mem[ 5 ] 0x00490005
		mem[ 6 ] 0x00650004
		mem[ 7 ] 0x01260002
		mem[ 8 ] 0x00030003
		mem[ 9 ] 0x000A0001
		mem[ 10 ] 0x00000000
		mem[ 11 ] 0x00120002
		mem[ 12 ] 0x003F0007
		mem[ 13 ] 0x010E0001
		mem[ 14 ] 0x0136FFF5
		mem[ 15 ] 0x01800000
		mem[ 16 ] 0x0000183B
		mem[ 17 ] 0x00000595
		mem[ 18 ] 0xFFFFFFFF
		mem[ 19 ] 0x00000001
	registers:
		reg[ 0 ] 24812
		reg[ 1 ] 1428
		reg[ 2 ] -4
		reg[ 3 ] 6203
		reg[ 4 ] -5
		reg[ 5 ] -1429
		reg[ 6 ] 0
		reg[ 7 ] 4
end state

@@@
state:
	pc 6
	memory:
		mem[ 0 ] 0x00A80010
		mem[ 1 ] 0x00A90011
		mem[ 2 ] 0x00AA0012
		mem[ 3 ] 0x00AF0013
		mem[ 4 ] 0x007F0004
		mem[ 5 ] 0x00490005
		mem[ 6 ] 0x00650004
		mem[ 7 ] 0x01260002
		mem[ 8 ] 0x00030003
		mem[ 9 ] 0x000A0001
		mem[ 10 ] 0x00000000
		mem[ 11 ] 0x00120002
		mem[ 12 ] 0x003F0007
		mem[ 13 ] 0x010E0001
		mem[ 14 ] 0x0136FFF5
		mem[ 15 ] 0x01800000
		mem[ 16 ] 0x0000183B
		mem[ 17 ] 0x00000595
		mem[ 18 ] 0xFFFFFFFF
		mem[ 19 ] 0x00000001
	registers:
		reg[ 0 ] 24812
		reg[ 1 ] 1428
		reg[ 2 ] -4
		reg[ 3 ] 6203
		reg[ 4 ] -5
		reg[ 5 ] -1429
		reg[ 6 ] 0
		reg[ 7 ] 4
end state

@@@
state:
	pc 7
	memory:
		mem[ 0 ] 0x00A80010
		mem[ 1 ] 0x00A90011
		mem[ 2 ] 0x00AA0012
		mem[ 3 ] 0x00AF0013
		mem[ 4 ] 0x007F0004
		mem[ 5 ] 0x00490005
		mem[ 6 ] 0x00650004
		mem[ 7 ] 0x01260002
		mem[ 8 ] 0x00030003
		mem[ 9 ] 0x000A0001
		mem[ 10 ] 0x00000000
		mem[ 11 ] 0x00120002
		mem[ 12 ] 0x003F0007
		mem[ 13 ] 0x010E0001
		mem[ 14 ] 0x0136FFF5
		mem[ 15 ] 0x01800000
		mem[ 16 ] 0x0000183B
		mem[ 17 ] 0x00000595
		mem[ 18 ] 0xFFFFFFFF
		mem[ 19 ] 0x00000001
	registers:
		reg[ 0 ] 24812
		reg[ 1 ] 1428
		reg[ 2 ] -4
		reg[ 3 ] 6203
		reg[ 4 ] 4
		reg[ 5 ] -1429
		reg[ 6 ] 0
		reg[ 7 ] 4
end state

@@@
state:
	pc 8
	memory:
		mem[ 0 ] 0x00A80010
		mem[ 1 ] 0x00A90011
		mem[ 2 ] 0x00AA0012
		mem[ 3 ] 0x00AF0013
		mem[ 4 ] 0x007F0004
		mem[ 5 ] 0x00490005
		mem[ 6 ] 0x00650004
		mem[ 7 ] 0x01260002
		mem[ 8 ] 0x00030003
		mem[ 9 ] 0x000A0001
		mem[ 10 ] 0x00000000
		mem[ 11 ] 0x00120002
		mem[ 12 ] 0x003F0007
		mem[ 13 ] 0x010E0001
		mem[ 14 ] 0x0136FFF5
		mem[ 15 ] 0x01800000
		mem[ 16 ] 0x0000183B
		mem[ 17 ] 0x00000595
		mem[ 18 ] 0xFFFFFFFF
		mem[ 19 ] 0x00000001
	registers:
		reg[ 0 ] 24812
		reg[ 1 ] 1428
		reg[ 2 ] -4
		reg[ 3 ] 6203
		reg[ 4 ] 4
		reg[ 5 ] -1429
		reg[ 6 ] 0
		reg[ 7 ] 4
end state

@@@
state:
	pc 9
	memory:
		mem[ 0 ] 0x00A80010
		mem[ 1 ] 0x00A90011
		mem[ 2 ] 0x00AA0012
		mem[ 3 ] 0x00AF0013
		mem[ 4 ] 0x007F0004
		mem[ 5 ] 0x00490005
		mem[ 6 ] 0x00650004
		mem[ 7 ] 0x01260002
		mem[ 8 ] 0x00030003
		mem[ 9 ] 0x000A0001
		mem[ 10 ] 0x00000000
		mem[ 11 ] 0x00120002
		mem[ 12 ] 0x003F0007
		mem[ 13 ] 0x010E0001
		mem[ 14 ] 0x0136FFF5
		mem[ 15 ] 0x01800000
		mem[ 16 ] 0x0000183B
		mem[ 17 ] 0x00000595
		mem[ 18 ] 0xFFFFFFFF
		mem[ 19 ] 0x00000001
	registers:
		reg[ 0 ] 24812
		reg[ 1 ] 1428
		reg[ 2 ] -4
		reg[ 3 ] 31015
		reg[ 4 ] 4
		reg[ 5 ] -1429
		reg[ 6 ] 0
		reg[ 7 ] 4
end state

@@@
state:
	pc 10
	memory:
		mem[ 0 ] 0x00A80010
		mem[ 1 ] 0x00A90011
		mem[ 2 ] 0x00AA0012
		mem[ 3 ] 0x00AF0013
		mem[ 4 ] 0x007F0004
		mem[ 5 ] 0x00490005
		mem[ 6 ] 0x00650004
		mem[ 7 ] 0x01260002
		mem[ 8 ] 0x00030003
		mem[ 9 ] 0x000A0001
		mem[ 10 ] 0x00000000
		mem[ 11 ] 0x00120002
		mem[ 12 ] 0x003F0007
		mem[ 13 ] 0x010E0001
		mem[ 14 ] 0x0136FFF5
		mem[ 15 ] 0x01800000
		mem[ 16 ] 0x0000183B
		mem[ 17 ] 0x00000595
		mem[ 18 ] 0xFFFFFFFF
		mem[ 19 ] 0x00000001
	registers:
		reg[ 0 ] 24812
		reg[ 1 ] 1424
		reg[ 2 ] -4
		reg[ 3 ] 31015
		reg[ 4 ] 4
		reg[ 5 ] -1429
		reg[ 6 ] 0
		reg[ 7 ] 4
end state

@@@
state:
	pc 11
	memory:
		mem[ 0 ] 0x00A80010
		mem[ 1 ] 0x00A90011
		mem[ 2 ] 0x00AA0012
		mem[ 3 ] 0x00AF0013
		mem[ 4 ] 0x007F0004
		mem[ 5 ] 0x00490005
		mem[ 6 ] 0x00650004
		mem[ 7 ] 0x01260002
		mem[ 8 ] 0x00030003
		mem[ 9 ] 0x000A0001
		mem[ 10 ] 0x00000000
		mem[ 11 ] 0x00120002
		mem[ 12 ] 0x003F0007
		mem[ 13 ] 0x010E0001
		mem[ 14 ] 0x0136FFF5
		mem[ 15 ] 0x01800000
		mem[ 16 ] 0x0000183B
		mem[ 17 ] 0x00000595
		mem[ 18 ] 0xFFFFFFFF
		mem[ 19 ] 0x00000001
	registers:
		reg[ 0 ] 49624
		reg[ 1 ] 1424
		reg[ 2 ] -4
		reg[ 3 ] 31015
		reg[ 4 ] 4
		reg[ 5 ] -1429
		reg[ 6 ] 0
		reg[ 7 ] 4
end state

@@@
state:
	pc 12
	memory:
		mem[ 0 ] 0x00A80010
		mem[ 1 ] 0x00A90011
		mem[ 2 ] 0x00AA0012
		mem[ 3 ] 0x00AF0013
		mem[ 4 ] 0x007F0004
		mem[ 5 ] 0x00490005
		mem[ 6 ] 0x00650004
		mem[ 7 ] 0x01260002
		mem[ 8 ] 0x00030003
		mem[ 9 ] 0x000A0001
		mem[ 10 ] 0x00000000
		mem[ 11 ] 0x00120002
		mem[ 12 ] 0x003F0007
		mem[ 13 ] 0x010E0001
		mem[ 14 ] 0x0136FFF5
		mem[ 15 ] 0x01800000
		mem[ 16 ] 0x0000183B
		mem[ 17 ] 0x00000595
		mem[ 18 ] 0xFFFFFFFF
		mem[ 19 ] 0x00000001
	registers:
		reg[ 0 ] 49624
		reg[ 1 ] 1424
		reg[ 2 ] -8
		reg[ 3 ] 31015
		reg[ 4 ] 4
		reg[ 5 ] -1429
		reg[ 6 ] 0
		reg[ 7 ] 4
end state

@@@
state:
	pc 13
	memory:
		mem[ 0 ] 0x00A80010
		mem[ 1 ] 0x00A90011
		mem[ 2 ] 0x00AA0012
		mem[ 3 ] 0x00AF0013
		mem[ 4 ] 0x007F0004
		mem[ 5 ] 0x00490005
		mem[ 6 ] 0x00650004
		mem[ 7 ] 0x01260002
		mem[ 8 ] 0x00030003
		mem[ 9 ] 0x000A0001
		mem[ 10 ] 0x00000000
		mem[ 11 ] 0x00120002
		mem[ 12 ] 0x003F0007
		mem[ 13 ] 0x010E0001
		mem[ 14 ] 0x0136FFF5
		mem[ 15 ] 0x01800000
		mem[ 16 ] 0x0000183B
		mem[ 17 ] 0x00000595
		mem[ 18 ] 0xFFFFFFFF
		mem[ 19 ] 0x00000001
	registers:
		reg[ 0 ] 49624
		reg[ 1 ] 1424
		reg[ 2 ] -8
		reg[ 3 ] 31015
		reg[ 4 ] 4
		reg[ 5 ] -1429
		reg[ 6 ] 0
		reg[ 7 ] 8
end state

@@@
state:
	pc 14
	memory:
		mem[ 0 ] 0x00A80010
		mem[ 1 ] 0x00A90011
		mem[ 2 ] 0x00AA0012
		mem[ 3 ] 0x00AF0013
		mem[ 4 ] 0x007F0004
		mem[ 5 ] 0x00490005
		mem[ 6 ] 0x00650004
		mem[ 7 ] 0x01260002
		mem[ 8 ] 0x00030003
		mem[ 9 ] 0x000A0001
		mem[ 10 ] 0x00000000
		mem[ 11 ] 0x00120002
		mem[ 12 ] 0x003F0007
		mem[ 13 ] 0x010E0001
		mem[ 14 ] 0x0136FFF5
		mem[ 15 ] 0x01800000
		mem[ 16 ] 0x0000183B
		mem[ 17 ] 0x00000595
		mem[ 18 ] 0xFFFFFFFF
		mem[ 19 ] 0x00000001
	registers:
		reg[ 0 ] 49624
		reg[ 1 ] 1424
		reg[ 2 ] -8
		reg[ 3 ] 31015
		reg[ 4 ] 4
		reg[ 5 ] -1429
		reg[ 6 ] 0
		reg[ 7 ] 8
end state

@@@
state:
	pc 4
	memory:
		mem[ 0 ] 0x00A80010
		mem[ 1 ] 0x00A90011
		mem[ 2 ] 0x00AA0012
		mem[ 3 ] 0x00AF0013
		mem[ 4 ] 0x007F0004
		mem[ 5 ] 0x00490005
		mem[ 6 ] 0x00650004
		mem[ 7 ] 0x01260002
		mem[ 8 ] 0x00030003
		mem[ 9 ] 0x000A0001
		mem[ 10 ] 0x00000000
		mem[ 11 ] 0x00120002
		mem[ 12 ] 0x003F0007
		mem[ 13 ] 0x010E0001
		mem[ 14 ] 0x0136FFF5
		mem[ 15 ] 0x01800000
		mem[ 16 ] 0x0000183B
		mem[ 17 ] 0x00000595
		mem[ 18 ] 0xFFFFFFFF
		mem[ 19 ] 0x00000001
	registers:
		reg[ 0 ] 49624
		reg[ 1 ] 1424
		reg[ 2 ] -8
		reg[ 3 ] 31015
		reg[ 4 ] 4
		reg[ 5 ] -1429
		reg[ 6 ] 0
		reg[ 7 ] 8
end state

@@@
state:
	pc 5
	memory:
		mem[ 0 ] 0x00A80010
		mem[ 1 ] 0x00A90011
		mem[ 2 ] 0x00AA0012
		mem[ 3 ] 0x00AF0013
		mem[ 4 ] 0x007F0004
		mem[ 5 ] 0x00490005
		mem[ 6 ] 0x00650004
		mem[ 7 ] 0x01260002
		mem[ 8 ] 0x00030003
		mem[ 9 ] 0x000A0001
		mem[ 10 ] 0x00000000
		mem[ 11 ] 0x00120002
		mem[ 12 ] 0x003F0007
		mem[ 13 ] 0x010E0001
		mem[ 14 ] 0x0136FFF5
		mem[ 15 ] 0x01800000
		mem[ 16 ] 0x0000183B
		mem[ 17 ] 0x00000595
		mem[ 18 ] 0xFFFFFFFF
		mem[ 19 ] 0x00000001
	registers:
		reg[ 0 ] 49624
		reg[ 1 ] 1424
		reg[ 2 ] -8
		reg[ 3 ] 31015
		reg[ 4 ] -9
		reg[ 5 ] -1429
		reg[ 6 ] 0
		reg[ 7 ] 8
end state

@@@
state:
	pc 6
	memory:
		mem[ 0 ] 0x00A80010
		mem[ 1 ] 0x00A90011
		mem[ 2 ] 0x00AA0012
		mem[ 3 ] 0x00AF0013
		mem[ 4 ] 0x007F0004
		mem[ 5 ] 0x00490005
		mem[ 6 ] 0x00650004
		mem[ 7 ] 0x01260002
		mem[ 8 ] 0x00030003
		mem[ 9 ] 0x000A0001
		mem[ 10 ] 0x00000000
		mem[ 11 ] 0x00120002
		mem[ 12 ] 0x003F0007
		mem[ 13 ] 0x010E0001
		mem[ 14 ] 0x0136FFF5
		mem[ 15 ] 0x01800000
		mem[ 16 ] 0x0000183B
		mem[ 17 ] 0x00000595
		mem[ 18 ] 0xFFFFFFFF
		mem[ 19 ] 0x00000001
	registers:
		reg[ 0 ] 49624
		reg[ 1 ] 1424
		reg[ 2 ] -8
		reg[ 3 ] 31015
		reg[ 4 ] -9
		reg[ 5 ] -1425
		reg[ 6 ] 0
		reg[ 7 ] 8
end state

@@@
state:
	pc 7
	memory:
		mem[ 0 ] 0x00A80010
		mem[ 1 ] 0x00A90011
		mem[ 2 ] 0x00AA0012
		mem[ 3 ] 0x00AF0013
		mem[ 4 ] 0x007F0004
		mem[ 5 ] 0x00490005
		mem[ 6 ] 0x00650004
		mem[ 7 ] 0x01260002
		mem[ 8 ] 0x00030003
		mem[ 9 ] 0x000A0001
		mem[ 10 ] 0x00000000
		mem[ 11 ] 0x00120002
		mem[ 12 ] 0x003F0007
		mem[ 13 ] 0x010E0001
		mem[ 14 ] 0x0136FFF5
		mem[ 15 ] 0x01800000
		mem[ 16 ] 0x0000183B
		mem[ 17 ] 0x00000595
		mem[ 18 ] 0xFFFFFFFF
		mem[ 19 ] 0x00000001
	registers:
		reg[ 0 ] 49624
		reg[ 1 ] 1424
		reg[ 2 ] -8
		reg[ 3 ] 31015
		reg[ 4 ] 0
		reg[ 5 ] -1425
		reg[ 6 ] 0
		reg[ 7 ] 8
end state

@@@
state:
	pc 10
	memory:
		mem[ 0 ] 0x00A80010
		mem[ 1 ] 0x00A90011
		mem[ 2 ] 0x00AA0012
		mem[ 3 ] 0x00AF0013
		mem[ 4 ] 0x007F0004
		mem[ 5 ] 0x00490005
		mem[ 6 ] 0x00650004
		mem[ 7 ] 0x01260002
		mem[ 8 ] 0x00030003
		mem[ 9 ] 0x000A0001
		mem[ 10 ] 0x00000000
		mem[ 11 ] 0x00120002
		mem[ 12 ] 0x003F0007
		mem[ 13 ] 0x010E0001
		mem[ 14 ] 0x0136FFF5
		mem[ 15 ] 0x01800000
		mem[ 16 ] 0x0000183B
		mem[ 17 ] 0x00000595
		mem[ 18 ] 0xFFFFFFFF
		mem[ 19 ] 0x00000001
	registers:
		reg[ 0 ] 49624
		reg[ 1 ] 1424
		reg[ 2 ] -8
		reg[ 3 ] 31015
		reg[ 4 ] 0
		reg[ 5 ] -1425
		reg[ 6 ] 0
		reg[ 7 ] 8
end state

@@@
state:
	pc 11
	memory:
		mem[ 0 ] 0x00A80010
		mem[ 1 ] 0x00A90011
		mem[ 2 ] 0x00AA0012
		mem[ 3 ] 0x00AF0013
		mem[ 4 ] 0x007F0004
		mem[ 5 ] 0x00490005
		mem[ 6 ] 0x00650004
		mem[ 7 ] 0x01260002
		mem[ 8 ] 0x00030003
		mem[ 9 ] 0x000A0001
		mem[ 10 ] 0x00000000
		mem[ 11 ] 0x00120002
		mem[ 12 ] 0x003F0007
		mem[ 13 ] 0x010E0001
		mem[ 14 ] 0x0136FFF5
		mem[ 15 ] 0x01800000
		mem[ 16 ] 0x0000183B
		mem[ 17 ] 0x00000595
		mem[ 18 ] 0xFFFFFFFF
		mem[ 19 ] 0x00000001
	registers:
		reg[ 0 ] 99248
		reg[ 1 ] 1424
		reg[ 2 ] -8
		reg[ 3 ] 31015
		reg[ 4 ] 0
		reg[ 5 ] -1425
		reg[ 6 ] 0
		reg[ 7 ] 8
end state

@@@
state:
	pc 12
	memory:
		mem[ 0 ] 0x00A80010
		mem[ 1 ] 0x00A90011
		mem[ 2 ] 0x00AA0012
		mem[ 3 ] 0x00AF0013
		mem[ 4 ] 0x007F0004
		mem[ 5 ] 0x00490005
		mem[ 6 ] 0x00650004
		mem[ 7 ] 0x01260002
		mem[ 8 ] 0x00030003
		mem[ 9 ] 0x000A0001
		mem[ 10 ] 0x00000000
		mem[ 11 ] 0x00120002
		mem[ 12 ] 0x003F0007
		mem[ 13 ] 0x010E0001
		mem[ 14 ] 0x0136FFF5
		mem[ 15 ] 0x01800000
		mem[ 16 ] 0x0000183B
		mem[ 17 ] 0x00000595
		mem[ 18 ] 0xFFFFFFFF
		mem[ 19 ] 0x00000001
	registers:
		reg[ 0 ] 99248
		reg[ 1 ] 1424
		reg[ 2 ] -16
		reg[ 3 ] 31015
		reg[ 4 ] 0
		reg[ 5 ] -1425
		reg[ 6 ] 0
		reg[ 7 ] 8
end state

@@@
state:
	pc 13
	memory:
		mem[ 0 ] 0x00A80010
		mem[ 1 ] 0x00A90011
		mem[ 2 ] 0x00AA0012
		mem[ 3 ] 0x00AF0013
		mem[ 4 ] 0x007F0004
		mem[ 5 ] 0x00490005
		mem[ 6 ] 0x00650004
		mem[ 7 ] 0x01260002
		mem[ 8 ] 0x00030003
		mem[ 9 ] 0x000A0001
		mem[ 10 ] 0x00000000
		mem[ 11 ] 0x00120002
		mem[ 12 ] 0x003F0007
		mem[ 13 ] 0x010E0001
		mem[ 14 ] 0x0136FFF5
		mem[ 15 ] 0x01800000
		mem[ 16 ] 0x0000183B
		mem[ 17 ] 0x00000595
		mem[ 18 ] 0xFFFFFFFF
		mem[ 19 ] 0x00000001
	registers:
		reg[ 0 ] 99248
		reg[ 1 ] 1424
		reg[ 2 ] -16
		reg[ 3 ] 31015
		reg[ 4 ] 0
		reg[ 5 ] -1425
		reg[ 6 ] 0
		reg[ 7 ] 16
end state

@@@
state:
	pc 14
	memory:
		mem[ 0 ] 0x00A80010
		mem[ 1 ] 0x00A90011
		mem[ 2 ] 0x00AA0012
		mem[ 3 ] 0x00AF0013
		mem[ 4 ] 0x007F0004
		mem[ 5 ] 0x00490005
		mem[ 6 ] 0x00650004
		mem[ 7 ] 0x01260002
		mem[ 8 ] 0x00030003
		mem[ 9 ] 0x000A0001
		mem[ 10 ] 0x00000000
		mem[ 11 ] 0x00120002
		mem[ 12 ] 0x003F0007
		mem[ 13 ] 0x010E0001
		mem[ 14 ] 0x0136FFF5
		mem[ 15 ] 0x01800000
		mem[ 16 ] 0x0000183B
		mem[ 17 ] 0x00000595
		mem[ 18 ] 0xFFFFFFFF
		mem[ 19 ] 0x00000001
	registers:
		reg[ 0 ] 99248
		reg[ 1 ] 1424
		reg[ 2 ] -16
		reg[ 3 ] 31015
		reg[ 4 ] 0
		reg[ 5 ] -1425
		reg[ 6 ] 0
		reg[ 7 ] 16
end state

@@@
state:
	pc 4
	memory:
		mem[ 0 ] 0x00A80010
		mem[ 1 ] 0x00A90011
		mem[ 2 ] 0x00AA0012
		mem[ 3 ] 0x00AF0013
		mem[ 4 ] 0x007F0004
		mem[ 5 ] 0x00490005
		mem[ 6 ] 0x00650004
		mem[ 7 ] 0x01260002
		mem[ 8 ] 0x00030003
		mem[ 9 ] 0x000A0001
		mem[ 10 ] 0x00000000
		mem[ 11 ] 0x00120002
		mem[ 12 ] 0x003F0007
		mem[ 13 ] 0x010E0001
		mem[ 14 ] 0x0136FFF5
		mem[ 15 ] 0x01800000
		mem[ 16 ] 0x0000183B
		mem[ 17 ] 0x00000595
		mem[ 18 ] 0xFFFFFFFF
		mem[ 19 ] 0x00000001
	registers:
		reg[ 0 ] 99248
		reg[ 1 ] 1424
		reg[ 2 ] -16
		reg[ 3 ] 31015
		reg[ 4 ] 0
		reg[ 5 ] -1425
		reg[ 6 ] 0
		reg[ 7 ] 16
end state

@@@
state:
	pc 5
	memory:
		mem[ 0 ] 0x00A80010
		mem[ 1 ] 0x00A90011
		mem[ 2 ] 0x00AA0012
		mem[ 3 ] 0x00AF0013
		mem[ 4 ] 0x007F0004
		mem[ 5 ] 0x00490005
		mem[ 6 ] 0x00650004
		mem[ 7 ] 0x01260002
		mem[ 8 ] 0x00030003
		mem[ 9 ] 0x000A0001
		mem[ 10 ] 0x00000000
		mem[ 11 ] 0x00120002
		mem[ 12 ] 0x003F0007
		mem[ 13 ] 0x010E0001
		mem[ 14 ] 0x0136FFF5
		mem[ 15 ] 0x01800000
		mem[ 16 ] 0x0000183B
		mem[ 17 ] 0x00000595
		mem[ 18 ] 0xFFFFFFFF
		mem[ 19 ] 0x00000001
	registers:
		reg[ 0 ] 99248
		reg[ 1 ] 1424
		reg[ 2 ] -16
		reg[ 3 ] 31015
		reg[ 4 ] -17
		reg[ 5 ] -1425
		reg[ 6 ] 0
		reg[ 7 ] 16
end state

@@@
state:
	pc 6
	memory:
		mem[ 0 ] 0x00A80010
		mem[ 1 ] 0x00A90011
		mem[ 2 ] 0x00AA0012
		mem[ 3 ] 0x00AF0013
		mem[ 4 ] 0x007F0004
		mem[ 5 ] 0x00490005
		mem[ 6 ] 0x00650004
		mem[ 7 ] 0x01260002
		mem[ 8 ] 0x00030003
		mem[ 9 ] 0x000A0001
		mem[ 10 ] 0x00000000
		mem[ 11 ] 0x00120002
		mem[ 12 ] 0x003F0007
		mem[ 13 ] 0x010E0001
		mem[ 14 ] 0x0136FFF5
		mem[ 15 ] 0x01800000
		mem[ 16 ] 0x0000183B
		mem[ 17 ] 0x00000595
		mem[ 18 ] 0xFFFFFFFF
		mem[ 19 ] 0x00000001
	registers:
		reg[ 0 ] 99248
		reg[ 1 ] 1424
		reg[ 2 ] -16
		reg[ 3 ] 31015
		reg[ 4 ] -17
		reg[ 5 ] -1425
		reg[ 6 ] 0
		reg[ 7 ] 16
end state

@@@
state:
	pc 7
	memory:
		mem[ 0 ] 0x00A80010
		mem[ 1 ] 0x00A90011
		mem[ 2 ] 0x00AA0012
		mem[ 3 ] 0x00AF0013
		mem[ 4 ] 0x007F0004
		mem[ 5 ] 0x00490005
		mem[ 6 ] 0x00650004
		mem[ 7 ] 0x01260002
		mem[ 8 ] 0x00030003
		mem[ 9 ] 0x000A0001
		mem[ 10 ] 0x00000000
		mem[ 11 ] 0x00120002
		mem[ 12 ] 0x003F0007
		mem[ 13 ] 0x010E0001
		mem[ 14 ] 0x0136FFF5
		mem[ 15 ] 0x01800000
		mem[ 16 ] 0x0000183B
		mem[ 17 ] 0x00000595
		mem[ 18 ] 0xFFFFFFFF
		mem[ 19 ] 0x00000001
	registers:
		reg[ 0 ] 99248
		reg[ 1 ] 1424
		reg[ 2 ] -16
		reg[ 3 ] 31015
		reg[ 4 ] 16
		reg[ 5 ] -1425
		reg[ 6 ] 0
		reg[ 7 ] 16
end state

@@@
state:
	pc 8
	memory:
		mem[ 0 ] 0x00A80010
		mem[ 1 ] 0x00A90011
		mem[ 2 ] 0x00AA0012
		mem[ 3 ] 0x00AF0013
		mem[ 4 ] 0x007F0004
		mem[ 5 ] 0x00490005
		mem[ 6 ] 0x00650004
		mem[ 7 ] 0x01260002
		mem[ 8 ] 0x00030003
		mem[ 9 ] 0x000A0001
		mem[ 10 ] 0x00000000
		mem[ 11 ] 0x00120002
		mem[ 12 ] 0x003F0007
		mem[ 13 ] 0x010E0001
		mem[ 14 ] 0x0136FFF5
		mem[ 15 ] 0x01800000
		mem[ 16 ] 0x0000183B
		mem[ 17 ] 0x00000595
		mem[ 18 ] 0xFFFFFFFF
		mem[ 19 ] 0x00000001
	registers:
		reg[ 0 ] 99248
		reg[ 1 ] 1424
		reg[ 2 ] -16
		reg[ 3 ] 31015
		reg[ 4 ] 16
		reg[ 5 ] -1425
		reg[ 6 ] 0
		reg[ 7 ] 16
end state

@@@
state:
	pc 9
	memory:
		mem[ 0 ] 0x00A80010
		mem[ 1 ] 0x00A90011
		mem[ 2 ] 0x00AA0012
		mem[ 3 ] 0x00AF0013
		mem[ 4 ] 0x007F0004
		mem[ 5 ] 0x00490005
		mem[ 6 ] 0x00650004
		mem[ 7 ] 0x01260002
		mem[ 8 ] 0x00030003
		mem[ 9 ] 0x000A0001
		mem[ 10 ] 0x00000000
		mem[ 11 ] 0x00120002
		mem[ 12 ] 0x003F0007
		mem[ 13 ] 0x010E0001
		mem[ 14 ] 0x0136FFF5
		mem[ 15 ] 0x01800000
		mem[ 16 ] 0x0000183B
		mem[ 17 ] 0x00000595
		mem[ 18 ] 0xFFFFFFFF
		mem[ 19 ] 0x00000001
	registers:
		reg[ 0 ] 99248
		reg[ 1 ] 1424
		reg[ 2 ] -16
		reg[ 3 ] 130263
		reg[ 4 ] 16
		reg[ 5 ] -1425
		reg[ 6 ] 0
		reg[ 7 ] 16
end state

@@@
state:
	pc 10
	memory:
		mem[ 0 ] 0x00A80010
		mem[ 1 ] 0x00A90011
		mem[ 2 ] 0x00AA0012
		mem[ 3 ] 0x00AF0013
		mem[ 4 ] 0x007F0004
		mem[ 5 ] 0x00490005
		mem[ 6 ] 0x00650004
		mem[ 7 ] 0x01260002
		mem[ 8 ] 0x00030003
		mem[ 9 ] 0x000A0001
		mem[ 10 ] 0x00000000
		mem[ 11 ] 0x00120002
		mem[ 12 ] 0x003F0007
		mem[ 13 ] 0x010E0001
		mem[ 14 ] 0x0136FFF5
		mem[ 15 ] 0x01800000
		mem[ 16 ] 0x0000183B
		mem[ 17 ] 0x00000595
		mem[ 18 ] 0xFFFFFFFF
		mem[ 19 ] 0x00000001
	registers:
		reg[ 0 ] 99248
		reg[ 1 ] 1408
		reg[ 2 ] -16
		reg[ 3 ] 130263
		reg[ 4 ] 16
		reg[ 5 ] -1425
		reg[ 6 ] 0
		reg[ 7 ] 16
end state

@@@
state:
	pc 11
	memory:
		mem[ 0 ] 0x00A80010
		mem[ 1 ] 0x00A90011
		mem[ 2 ] 0x00AA0012
		mem[ 3 ] 0x00AF0013
		mem[ 4 ] 0x007F0004
		mem[ 5 ] 0x00490005
		mem[ 6 ] 0x00650004
		mem[ 7 ] 0x01260002
		mem[ 8 ] 0x00030003
		mem[ 9 ] 0x000A0001
		mem[ 10 ] 0x00000000
		mem[ 11 ] 0x00120002
		mem[ 12 ] 0x003F0007
		mem[ 13 ] 0x010E0001
		mem[ 14 ] 0x0136FFF5
		mem[ 15 ] 0x01800000
		mem[ 16 ] 0x0000183B
		mem[ 17 ] 0x00000595
		mem[ 18 ] 0xFFFFFFFF
		mem[ 19 ] 0x00000001
	registers:
		reg[ 0 ] 198496
		reg[ 1 ] 1408
		reg[ 2 ] -16
		reg[ 3 ] 130263
		reg[ 4 ] 16
		reg[ 5 ] -1425
		reg[ 6 ] 0
		reg[ 7 ] 16
end state

@@@
state:
	pc 12
	memory:
		mem[ 0 ] 0x00A80010
		mem[ 1 ] 0x00A90011
		mem[ 2 ] 0x00AA0012
		mem[ 3 ] 0x00AF0013
		mem[ 4 ] 0x007F0004
		mem[ 5 ] 0x00490005
		mem[ 6 ] 0x00650004
		mem[ 7 ] 0x01260002
		mem[ 8 ] 0x00030003
		mem[ 9 ] 0x000A0001
		mem[ 10 ] 0x00000000
		mem[ 11 ] 0x00120002
		mem[ 12 ] 0x003F0007
		mem[ 13 ] 0x010E0001
		mem[ 14 ] 0x0136FFF5
		mem[ 15 ] 0x01800000
		mem[ 16 ] 0x0000183B
		mem[ 17 ] 0x00000595
		mem[ 18 ] 0xFFFFFFFF
		mem[ 19 ] 0x00000001
	registers:
		reg[ 0 ] 198496
		reg[ 1 ] 1408
		reg[ 2 ] -32
		reg[ 3 ] 130263
		reg[ 4 ] 16
		reg[ 5 ] -1425
		reg[ 6 ] 0
		reg[ 7 ] 16
end state

@@@
state:
	pc 13
	memory:
		mem[ 0 ] 0x00A80010
		mem[ 1 ] 0x00A90011
		mem[ 2 ] 0x00AA0012
		mem[ 3 ] 0x00AF0013
		mem[ 4 ] 0x007F0004
		mem[ 5 ] 0x00490005
		mem[ 6 ] 0x00650004
		mem[ 7 ] 0x01260002
		mem[ 8 ] 0x00030003
		mem[ 9 ] 0x000A0001
		mem[ 10 ] 0x00000000
		mem[ 11 ] 0x00120002
		mem[ 12 ] 0x003F0007
		mem[ 13 ] 0x010E0001
		mem[ 14 ] 0x0136FFF5
		mem[ 15 ] 0x01800000
		mem[ 16 ] 0x0000183B
		mem[ 17 ] 0x00000595
		mem[ 18 ] 0xFFFFFFFF
		mem[ 19 ] 0x00000001
	registers:
		reg[ 0 ] 198496
		reg[ 1 ] 1408
		reg[ 2 ] -32
		reg[ 3 ] 130263
		reg[ 4 ] 16
		reg[ 5 ] -1425
		reg[ 6 ] 0
		reg[ 7 ] 32
end state

@@@
state:
	pc 14
	memory:
		mem[ 0 ] 0x00A80010
		mem[ 1 ] 0x00A90011
		mem[ 2 ] 0x00AA0012
		mem[ 3 ] 0x00AF0013
		mem[ 4 ] 0x007F0004
		mem[ 5 ] 0x00490005
		mem[ 6 ] 0x00650004
		mem[ 7 ] 0x01260002
		mem[ 8 ] 0x00030003
		mem[ 9 ] 0x000A0001
		mem[ 10 ] 0x00000000
		mem[ 11 ] 0x00120002
		mem[ 12 ] 0x003F0007
		mem[ 13 ] 0x010E0001
		mem[ 14 ] 0x0136FFF5
		mem[ 15 ] 0x01800000
		mem[ 16 ] 0x0000183B
		mem[ 17 ] 0x00000595
		mem[ 18 ] 0xFFFFFFFF
		mem[ 19 ] 0x00000001
	registers:
		reg[ 0 ] 198496
		reg[ 1 ] 1408
		reg[ 2 ] -32
		reg[ 3 ] 130263
		reg[ 4 ] 16
		reg[ 5 ] -1425
		reg[ 6 ] 0
		reg[ 7 ] 32
end state

@@@
state:
	pc 4
	memory:
		mem[ 0 ] 0x00A80010
		mem[ 1 ] 0x00A90011
		mem[ 2 ] 0x00AA0012
		mem[ 3 ] 0x00AF0013
		mem[ 4 ] 0x007F0004
		mem[ 5 ] 0x00490005
		mem[ 6 ] 0x00650004
		mem[ 7 ] 0x01260002
		mem[ 8 ] 0x00030003
		mem[ 9 ] 0x000A0001
		mem[ 10 ] 0x00000000
		mem[ 11 ] 0x00120002
		mem[ 12 ] 0x003F0007
		mem[ 13 ] 0x010E0001
		mem[ 14 ] 0x0136FFF5
		mem[ 15 ] 0x01800000
		mem[ 16 ] 0x0000183B
		mem[ 17 ] 0x00000595
		mem[ 18 ] 0xFFFFFFFF
		mem[ 19 ] 0x00000001
	registers:
		reg[ 0 ] 198496
		reg[ 1 ] 1408
		reg[ 2 ] -32
		reg[ 3 ] 130263
		reg[ 4 ] 16
		reg[ 5 ] -1425
		reg[ 6 ] 0
		reg[ 7 ] 32
end state

@@@
state:
	pc 5
	memory:
		mem[ 0 ] 0x00A80010
		mem[ 1 ] 0x00A90011
		mem[ 2 ] 0x00AA0012
		mem[ 3 ] 0x00AF0013
		mem[ 4 ] 0x007F0004
		mem[ 5 ] 0x00490005
		mem[ 6 ] 0x00650004
		mem[ 7 ] 0x01260002
		mem[ 8 ] 0x00030003
		mem[ 9 ] 0x000A0001
		mem[ 10 ] 0x00000000
		mem[ 11 ] 0x00120002
		mem[ 12 ] 0x003F0007
		mem[ 13 ] 0x010E0001
		mem[ 14 ] 0x0136FFF5
		mem[ 15 ] 0x01800000
		mem[ 16 ] 0x0000183B
		mem[ 17 ] 0x00000595
		mem[ 18 ] 0xFFFFFFFF
		mem[ 19 ] 0x00000001
	registers:
		reg[ 0 ] 198496
		reg[ 1 ] 1408
		reg[ 2 ] -32
		reg[ 3 ] 130263
		reg[ 4 ] -33
		reg[ 5 ] -1425
		reg[ 6 ] 0
		reg[ 7 ] 32
end state

@@@
state:
	pc 6
	memory:
		mem[ 0 ] 0x00A80010
		mem[ 1 ] 0x00A90011
		mem[ 2 ] 0x00AA0012
		mem[ 3 ] 0x00AF0013
		mem[ 4 ] 0x007F0004
		mem[ 5 ] 0x00490005
		mem[ 6 ] 0x00650004
		mem[ 7 ] 0x01260002
		mem[ 8 ] 0x00030003
		mem[ 9 ] 0x000A0001
		mem[ 10 ] 0x00000000
		mem[ 11 ] 0x00120002
		mem[ 12 ] 0x003F0007
		mem[ 13 ] 0x010E0001
		mem[ 14 ] 0x0136FFF5
		mem[ 15 ] 0x01800000
		mem[ 16 ] 0x0000183B
		mem[ 17 ] 0x00000595
		mem[ 18 ] 0xFFFFFFFF
		mem[ 19 ] 0x00000001
	registers:
		reg[ 0 ] 198496
		reg[ 1 ] 1408
		reg[ 2 ] -32
		reg[ 3 ] 130263
		reg[ 4 ] -33
		reg[ 5 ] -1409
		reg[ 6 ] 0
		reg[ 7 ] 32
end state

@@@
state:
	pc 7
	memory:
		mem[ 0 ] 0x00A80010
		mem[ 1 ] 0x00A90011
		mem[ 2 ] 0x00AA0012
		mem[ 3 ] 0x00AF0013
		mem[ 4 ] 0x007F0004
		mem[ 5 ] 0x00490005
		mem[ 6 ] 0x00650004
		mem[ 7 ] 0x01260002
		mem[ 8 ] 0x00030003
		mem[ 9 ] 0x000A0001
		mem[ 10 ] 0x00000000
		mem[ 11 ] 0x00120002
		mem[ 12 ] 0x003F0007
		mem[ 13 ] 0x010E0001
		mem[ 14 ] 0x0136FFF5
		mem[ 15 ] 0x01800000
		mem[ 16 ] 0x0000183B
		mem[ 17 ] 0x00000595
		mem[ 18 ] 0xFFFFFFFF
		mem[ 19 ] 0x00000001
	registers:
		reg[ 0 ] 198496
		reg[ 1 ] 1408
		reg[ 2 ] -32
		reg[ 3 ] 130263
		reg[ 4 ] 0
		reg[ 5 ] -1409
		reg[ 6 ] 0
		reg[ 7 ] 32
end state

@@@
state:
	pc 10
	memory:
		mem[ 0 ] 0x00A80010
		mem[ 1 ] 0x00A90011
		mem[ 2 ] 0x00AA0012
		mem[ 3 ] 0x00AF0013
		mem[ 4 ] 0x007F0004
		mem[ 5 ] 0x00490005
		mem[ 6 ] 0x00650004
		mem[ 7 ] 0x01260002
		mem[ 8 ] 0x00030003
		mem[ 9 ] 0x000A0001
		mem[ 10 ] 0x00000000
		mem[ 11 ] 0x00120002
		mem[ 12 ] 0x003F0007
		mem[ 13 ] 0x010E0001
		mem[ 14 ] 0x0136FFF5
		mem[ 15 ] 0x01800000
		mem[ 16 ] 0x0000183B
		mem[ 17 ] 0x00000595
		mem[ 18 ] 0xFFFFFFFF
		mem[ 19 ] 0x00000001
	registers:
		reg[ 0 ] 198496
		reg[ 1 ] 1408
		reg[ 2 ] -32
		reg[ 3 ] 130263
		reg[ 4 ] 0
		reg[ 5 ] -1409
		reg[ 6 ] 0
		reg[ 7 ] 32
end state

@@@
state:
	pc 11
	memory:
		mem[ 0 ] 0x00A80010
		mem[ 1 ] 0x00A90011
		mem[ 2 ] 0x00AA0012
		mem[ 3 ] 0x00AF0013
		mem[ 4 ] 0x007F0004
		mem[ 5 ] 0x00490005
		mem[ 6 ] 0x00650004
		mem[ 7 ] 0x01260002
		mem[ 8 ] 0x00030003
		mem[ 9 ] 0x000A0001
		mem[ 10 ] 0x00000000
		mem[ 11 ] 0x00120002
		mem[ 12 ] 0x003F0007
		mem[ 13 ] 0x010E0001
		mem[ 14 ] 0x0136FFF5
		mem[ 15 ] 0x01800000
		mem[ 16 ] 0x0000183B
		mem[ 17 ] 0x00000595
		mem[ 18 ] 0xFFFFFFFF
		mem[ 19 ] 0x00000001
	registers:
		reg[ 0 ] 396992
		reg[ 1 ] 1408
		reg[ 2 ] -32
		reg[ 3 ] 130263
		reg[ 4 ] 0
		reg[ 5 ] -1409
		reg[ 6 ] 0
		reg[ 7 ] 32
end state

@@@
state:
	pc 12
	memory:
		mem[ 0 ] 0x00A80010
		mem[ 1 ] 0x00A90011
		mem[ 2 ] 0x00AA0012
		mem[ 3 ] 0x00AF0013
		mem[ 4 ] 0x007F0004
		mem[ 5 ] 0x00490005
		mem[ 6 ] 0x00650004
		mem[ 7 ] 0x01260002
		mem[ 8 ] 0x00030003
		mem[ 9 ] 0x000A0001
		mem[ 10 ] 0x00000000
		mem[ 11 ] 0x00120002
		mem[ 12 ] 0x003F0007
		mem[ 13 ] 0x010E0001
		mem[ 14 ] 0x0136FFF5
		mem[ 15 ] 0x01800000
		mem[ 16 ] 0x0000183B
		mem[ 17 ] 0x00000595
		mem[ 18 ] 0xFFFFFFFF
		mem[ 19 ] 0x00000001
	registers:
		reg[ 0 ] 396992
		reg[ 1 ] 1408
		reg[ 2 ] -64
		reg[ 3 ] 130263
		reg[ 4 ] 0
		reg[ 5 ] -1409
		reg[ 6 ] 0
		reg[ 7 ] 32
end state

@@@
state:
	pc 13
	memory:
		mem[ 0 ] 0x00A80010
		mem[ 1 ] 0x00A90011
		mem[ 2 ] 0x00AA0012
		mem[ 3 ] 0x00AF0013
		mem[ 4 ] 0x007F0004
		mem[ 5 ] 0x00490005
		mem[ 6 ] 0x00650004
		mem[ 7 ] 0x01260002
		mem[ 8 ] 0x00030003
		mem[ 9 ] 0x000A0001
		mem[ 10 ] 0x00000000
		mem[ 11 ] 0x00120002
		mem[ 12 ] 0x003F0007
		mem[ 13 ] 0x010E0001
		mem[ 14 ] 0x0136FFF5
		mem[ 15 ] 0x01800000
		mem[ 16 ] 0x0000183B
		mem[ 17 ] 0x00000595
		mem[ 18 ] 0xFFFFFFFF
		mem[ 19 ] 0x00000001
	registers:
		reg[ 0 ] 396992
		reg[ 1 ] 1408
		reg[ 2 ] -64
		reg[ 3 ] 130263
		reg[ 4 ] 0
		reg[ 5 ] -1409
		reg[ 6 ] 0
		reg[ 7 ] 64
end state

@@@
state:
	pc 14
	memory:
		mem[ 0 ] 0x00A80010
		mem[ 1 ] 0x00A90011
		mem[ 2 ] 0x00AA0012
		mem[ 3 ] 0x00AF0013
		mem[ 4 ] 0x007F0004
		mem[ 5 ] 0x00490005
		mem[ 6 ] 0x00650004
		mem[ 7 ] 0x01260002
		mem[ 8 ] 0x00030003
		mem[ 9 ] 0x000A0001
		mem[ 10 ] 0x00000000
		mem[ 11 ] 0x00120002
		mem[ 12 ] 0x003F0007
		mem[ 13 ] 0x010E0001
		mem[ 14 ] 0x0136FFF5
		mem[ 15 ] 0x01800000
		mem[ 16 ] 0x0000183B
		mem[ 17 ] 0x00000595
		mem[ 18 ] 0xFFFFFFFF
		mem[ 19 ] 0x00000001
	registers:
		reg[ 0 ] 396992
		reg[ 1 ] 1408
		reg[ 2 ] -64
		reg[ 3 ] 130263
		reg[ 4 ] 0
		reg[ 5 ] -1409
		reg[ 6 ] 0
		reg[ 7 ] 64
end state

@@@
state:
	pc 4
	memory:
		mem[ 0 ] 0x00A80010
		mem[ 1 ] 0x00A90011
		mem[ 2 ] 0x00AA0012
		mem[ 3 ] 0x00AF0013
		mem[ 4 ] 0x007F0004
		mem[ 5 ] 0x00490005
		mem[ 6 ] 0x00650004
		mem[ 7 ] 0x01260002
		mem[ 8 ] 0x00030003
		mem[ 9 ] 0x000A0001
		mem[ 10 ] 0x00000000
		mem[ 11 ] 0x00120002
		mem[ 12 ] 0x003F0007
		mem[ 13 ] 0x010E0001
		mem[ 14 ] 0x0136FFF5
		mem[ 15 ] 0x01800000
		mem[ 16 ] 0x0000183B
		mem[ 17 ] 0x00000595
		mem[ 18 ] 0xFFFFFFFF
		mem[ 19 ] 0x00000001
	registers:
		reg[ 0 ] 396992
		reg[ 1 ] 1408
		reg[ 2 ] -64
		reg[ 3 ] 130263
		reg[ 4 ] 0
		reg[ 5 ] -1409
		reg[ 6 ] 0
		reg[ 7 ] 64
end state

@@@
state:
	pc 5
	memory:
		mem[ 0 ] 0x00A80010
		mem[ 1 ] 0x00A90011
		mem[ 2 ] 0x00AA0012
		mem[ 3 ] 0x00AF0013
		mem[ 4 ] 0x007F0004
		mem[ 5 ] 0x00490005
		mem[ 6 ] 0x00650004
		mem[ 7 ] 0x01260002
		mem[ 8 ] 0x00030003
		mem[ 9 ] 0x000A0001
		mem[ 10 ] 0x00000000
		mem[ 11 ] 0x00120002
		mem[ 12 ] 0x003F0007
		mem[ 13 ] 0x010E0001
		mem[ 14 ] 0x0136FFF5
		mem[ 15 ] 0x01800000
		mem[ 16 ] 0x0000183B
		mem[ 17 ] 0x00000595
		mem[ 18 ] 0xFFFFFFFF
		mem[ 19 ] 0x00000001
	registers:
		reg[ 0 ] 396992
		reg[ 1 ] 1408
		reg[ 2 ] -64
		reg[ 3 ] 130263
		reg[ 4 ] -65
		reg[ 5 ] -1409
		reg[ 6 ] 0
		reg[ 7 ] 64
end state

@@@
state:
	pc 6
	memory:
		mem[ 0 ] 0x00A80010
		mem[ 1 ] 0x00A90011
		mem[ 2 ] 0x00AA0012
		mem[ 3 ] 0x00AF0013
		mem[ 4 ] 0x007F0004
		mem[ 5 ] 0x00490005
		mem[ 6 ] 0x00650004
		mem[ 7 ] 0x01260002
		mem[ 8 ] 0x00030003
		mem[ 9 ] 0x000A0001
		mem[ 10 ] 0x00000000
		mem[ 11 ] 0x00120002
		mem[ 12 ] 0x003F0007
		mem[ 13 ] 0x010E0001
		mem[ 14 ] 0x0136FFF5
		mem[ 15 ] 0x01800000
		mem[ 16 ] 0x0000183B
		mem[ 17 ] 0x00000595
		mem[ 18 ] 0xFFFFFFFF
		mem[ 19 ] 0x00000001
	registers:
		reg[ 0 ] 396992
		reg[ 1 ] 1408
		reg[ 2 ] -64
		reg[ 3 ] 130263
		reg[ 4 ] -65
		reg[ 5 ] -1409
		reg[ 6 ] 0
		reg[ 7 ] 64
end state

@@@
state:
	pc 7
	memory:
		mem[ 0 ] 0x00A80010
		mem[ 1 ] 0x00A90011
		mem[ 2 ] 0x00AA0012
		mem[ 3 ] 0x00AF0013
		mem[ 4 ] 0x007F0004
		mem[ 5 ] 0x00490005
		mem[ 6 ] 0x00650004
		mem[ 7 ] 0x01260002
		mem[ 8 ] 0x00030003
		mem[ 9 ] 0x000A0001
		mem[ 10 ] 0x00000000
		mem[ 11 ] 0x00120002
		mem[ 12 ] 0x003F0007
		mem[ 13 ] 0x010E0001
		mem[ 14 ] 0x0136FFF5
		mem[ 15 ] 0x01800000
		mem[ 16 ] 0x0000183B
		mem[ 17 ] 0x00000595
		mem[ 18 ] 0xFFFFFFFF
		mem[ 19 ] 0x00000001
	registers:
		reg[ 0 ] 396992
		reg[ 1 ] 1408
		reg[ 2 ] -64
		reg[ 3 ] 130263
		reg[ 4 ] 0
		reg[ 5 ] -1409
		reg[ 6 ] 0
		reg[ 7 ] 64
end state

@@@
state:
	pc 10
	memory:
		mem[ 0 ] 0x00A80010
		mem[ 1 ] 0x00A90011
		mem[ 2 ] 0x00AA0012
		mem[ 3 ] 0x00AF0013
		mem[ 4 ] 0x007F0004
		mem[ 5 ] 0x00490005
		mem[ 6 ] 0x00650004
		mem[ 7 ] 0x01260002
		mem[ 8 ] 0x00030003
		mem[ 9 ] 0x000A0001
		mem[ 10 ] 0x00000000
		mem[ 11 ] 0x00120002
		mem[ 12 ] 0x003F0007
		mem[ 13 ] 0x010E0001
		mem[ 14 ] 0x0136FFF5
		mem[ 15 ] 0x01800000
		mem[ 16 ] 0x0000183B
		mem[ 17 ] 0x00000595
		mem[ 18 ] 0xFFFFFFFF
		mem[ 19 ] 0x00000001
	registers:
		reg[ 0 ] 396992
		reg[ 1 ] 1408
		reg[ 2 ] -64
		reg[ 3 ] 130263
		reg[ 4 ] 0
		reg[ 5 ] -1409
		reg[ 6 ] 0
		reg[ 7 ] 64
end state

@@@
state:
	pc 11
	memory:
		mem[ 0 ] 0x00A80010
		mem[ 1 ] 0x00A90011
		mem[ 2 ] 0x00AA0012
		mem[ 3 ] 0x00AF0013
		mem[ 4 ] 0x007F0004
		mem[ 5 ] 0x00490005
		mem[ 6 ] 0x00650004
		mem[ 7 ] 0x01260002
		mem[ 8 ] 0x00030003
		mem[ 9 ] 0x000A0001
		mem[ 10 ] 0x00000000
		mem[ 11 ] 0x00120002
		mem[ 12 ] 0x003F0007
		mem[ 13 ] 0x010E0001
		mem[ 14 ] 0x0136FFF5
		mem[ 15 ] 0x01800000
		mem[ 16 ] 0x0000183B
		mem[ 17 ] 0x00000595
		mem[ 18 ] 0xFFFFFFFF
		mem[ 19 ] 0x00000001
	registers:
		reg[ 0 ] 793984
		reg[ 1 ] 1408
		reg[ 2 ] -64
		reg[ 3 ] 130263
		reg[ 4 ] 0
		reg[ 5 ] -1409
		reg[ 6 ] 0
		reg[ 7 ] 64
end state

@@@
state:
	pc 12
	memory:
		mem[ 0 ] 0x00A80010
		mem[ 1 ] 0x00A90011
		mem[ 2 ] 0x00AA0012
		mem[ 3 ] 0x00AF0013
		mem[ 4 ] 0x007F0004
		mem[ 5 ] 0x00490005
		mem[ 6 ] 0x00650004
		mem[ 7 ] 0x01260002
		mem[ 8 ] 0x00030003
		mem[ 9 ] 0x000A0001
		mem[ 10 ] 0x00000000
		mem[ 11 ] 0x00120002
		mem[ 12 ] 0x003F0007
		mem[ 13 ] 0x010E0001
		mem[ 14 ] 0x0136FFF5
		mem[ 15 ] 0x01800000
		mem[ 16 ] 0x0000183B
		mem[ 17 ] 0x00000595
		mem[ 18 ] 0xFFFFFFFF
		mem[ 19 ] 0x00000001
	registers:
		reg[ 0 ] 793984
		reg[ 1 ] 1408
		reg[ 2 ] -128
		reg[ 3 ] 130263
		reg[ 4 ] 0
		reg[ 5 ] -1409
		reg[ 6 ] 0
		reg[ 7 ] 64
end state

@@@
state:
	pc 13
	memory:
		mem[ 0 ] 0x00A80010
		mem[ 1 ] 0x00A90011
		mem[ 2 ] 0x00AA0012
		mem[ 3 ] 0x00AF0013
		mem[ 4 ] 0x007F0004
		mem[ 5 ] 0x00490005
		mem[ 6 ] 0x00650004
		mem[ 7 ] 0x01260002
		mem[ 8 ] 0x00030003
		mem[ 9 ] 0x000A0001
		mem[ 10 ] 0x00000000
		mem[ 11 ] 0x00120002
		mem[ 12 ] 0x003F0007
		mem[ 13 ] 0x010E0001
		mem[ 14 ] 0x0136FFF5
		mem[ 15 ] 0x01800000
		mem[ 16 ] 0x0000183B
		mem[ 17 ] 0x00000595
		mem[ 18 ] 0xFFFFFFFF
		mem[ 19 ] 0x00000001
	registers:
		reg[ 0 ] 793984
		reg[ 1 ] 1408
		reg[ 2 ] -128
		reg[ 3 ] 130263
		reg[ 4 ] 0
		reg[ 5 ] -1409
		reg[ 6 ] 0
		reg[ 7 ] 128
end state

@@@
state:
	pc 14
	memory:
		mem[ 0 ] 0x00A80010
		mem[ 1 ] 0x00A90011
		mem[ 2 ] 0x00AA0012
		mem[ 3 ] 0x00AF0013
		mem[ 4 ] 0x007F0004
		mem[ 5 ] 0x00490005
		mem[ 6 ] 0x00650004
		mem[ 7 ] 0x01260002
		mem[ 8 ] 0x00030003
		mem[ 9 ] 0x000A0001
		mem[ 10 ] 0x00000000
		mem[ 11 ] 0x00120002
		mem[ 12 ] 0x003F0007
		mem[ 13 ] 0x010E0001
		mem[ 14 ] 0x0136FFF5
		mem[ 15 ] 0x01800000
		mem[ 16 ] 0x0000183B
		mem[ 17 ] 0x00000595
		mem[ 18 ] 0xFFFFFFFF
		mem[ 19 ] 0x00000001
	registers:
		reg[ 0 ] 793984
		reg[ 1 ] 1408
		reg[ 2 ] -128
		reg[ 3 ] 130263
		reg[ 4 ] 0
		reg[ 5 ] -1409
		reg[ 6 ] 0
		reg[ 7 ] 128
end state

@@@
state:
	pc 4
	memory:
		mem[ 0 ] 0x00A80010
		mem[ 1 ] 0x00A90011
		mem[ 2 ] 0x00AA0012
		mem[ 3 ] 0x00AF0013
		mem[ 4 ] 0x007F0004
		mem[ 5 ] 0x00490005
		mem[ 6 ] 0x00650004
		mem[ 7 ] 0x01260002
		mem[ 8 ] 0x00030003
		mem[ 9 ] 0x000A0001
		mem[ 10 ] 0x00000000
		mem[ 11 ] 0x00120002
		mem[ 12 ] 0x003F0007
		mem[ 13 ] 0x010E0001
		mem[ 14 ] 0x0136FFF5
		mem[ 15 ] 0x01800000
		mem[ 16 ] 0x0000183B
		mem[ 17 ] 0x00000595
		mem[ 18 ] 0xFFFFFFFF
		mem[ 19 ] 0x00000001
	registers:
		reg[ 0 ] 793984
		reg[ 1 ] 1408
		reg[ 2 ] -128
		reg[ 3 ] 130263
		reg[ 4 ] 0
		reg[ 5 ] -1409
		reg[ 6 ] 0
		reg[ 7 ] 128
end state

@@@
state:
	pc 5
	memory:
		mem[ 0 ] 0x00A80010
		mem[ 1 ] 0x00A90011
		mem[ 2 ] 0x00AA0012
		mem[ 3 ] 0x00AF0013
		mem[ 4 ] 0x007F0004
		mem[ 5 ] 0x00490005
		mem[ 6 ] 0x00650004
		mem[ 7 ] 0x01260002
		mem[ 8 ] 0x00030003
		mem[ 9 ] 0x000A0001
		mem[ 10 ] 0x00000000
		mem[ 11 ] 0x00120002
		mem[ 12 ] 0x003F0007
		mem[ 13 ] 0x010E0001
		mem[ 14 ] 0x0136FFF5
		mem[ 15 ] 0x01800000
		mem[ 16 ] 0x0000183B
		mem[ 17 ] 0x00000595
		mem[ 18 ] 0xFFFFFFFF
		mem[ 19 ] 0x00000001
	registers:
		reg[ 0 ] 793984
		reg[ 1 ] 1408
		reg[ 2 ] -128
		reg[ 3 ] 130263
		reg[ 4 ] -129
		reg[ 5 ] -1409
		reg[ 6 ] 0
		reg[ 7 ] 128
end state

@@@
state:
	pc 6
	memory:
		mem[ 0 ] 0x00A80010
		mem[ 1 ] 0x00A90011
		mem[ 2 ] 0x00AA0012
		mem[ 3 ] 0x00AF0013
		mem[ 4 ] 0x007F0004
		mem[ 5 ] 0x00490005
		mem[ 6 ] 0x00650004
		mem[ 7 ] 0x01260002
		mem[ 8 ] 0x00030003
		mem[ 9 ] 0x000A0001
		mem[ 10 ] 0x00000000
		mem[ 11 ] 0x00120002
		mem[ 12 ] 0x003F0007
		mem[ 13 ] 0x010E0001
		mem[ 14 ] 0x0136FFF5
		mem[ 15 ] 0x01800000
		mem[ 16 ] 0x0000183B
		mem[ 17 ] 0x00000595
		mem[ 18 ] 0xFFFFFFFF
		mem[ 19 ] 0x00000001
	registers:
		reg[ 0 ] 793984
		reg[ 1 ] 1408
		reg[ 2 ] -128
		reg[ 3 ] 130263
		reg[ 4 ] -129
		reg[ 5 ] -1409
		reg[ 6 ] 0
		reg[ 7 ] 128
end state

@@@
state:
	pc 7
	memory:
		mem[ 0 ] 0x00A80010
		mem[ 1 ] 0x00A90011
		mem[ 2 ] 0x00AA0012
		mem[ 3 ] 0x00AF0013
		mem[ 4 ] 0x007F0004
		mem[ 5 ] 0x00490005
		mem[ 6 ] 0x00650004
		mem[ 7 ] 0x01260002
		mem[ 8 ] 0x00030003
		mem[ 9 ] 0x000A0001
		mem[ 10 ] 0x00000000
		mem[ 11 ] 0x00120002
		mem[ 12 ] 0x003F0007
		mem[ 13 ] 0x010E0001
		mem[ 14 ] 0x0136FFF5
		mem[ 15 ] 0x01800000
		mem[ 16 ] 0x0000183B
		mem[ 17 ] 0x00000595
		mem[ 18 ] 0xFFFFFFFF
		mem[ 19 ] 0x00000001
	registers:
		reg[ 0 ] 793984
		reg[ 1 ] 1408
		reg[ 2 ] -128
		reg[ 3 ] 130263
		reg[ 4 ] 128
		reg[ 5 ] -1409
		reg[ 6 ] 0
		reg[ 7 ] 128
end state

@@@
state:
	pc 8
	memory:
		mem[ 0 ] 0x00A80010
		mem[ 1 ] 0x00A90011
		mem[ 2 ] 0x00AA0012
		mem[ 3 ] 0x00AF0013
		mem[ 4 ] 0x007F0004
		mem[ 5 ] 0x00490005
		mem[ 6 ] 0x00650004
		mem[ 7 ] 0x01260002
		mem[ 8 ] 0x00030003
		mem[ 9 ] 0x000A0001
		mem[ 10 ] 0x00000000
		mem[ 11 ] 0x00120002
		mem[ 12 ] 0x003F0007
		mem[ 13 ] 0x010E0001
		mem[ 14 ] 0x0136FFF5
		mem[ 15 ] 0x01800000
		mem[ 16 ] 0x0000183B
		mem[ 17 ] 0x00000595
		mem[ 18 ] 0xFFFFFFFF
		mem[ 19 ] 0x00000001
	registers:
		reg[ 0 ] 793984
		reg[ 1 ] 1408
		reg[ 2 ] -128
		reg[ 3 ] 130263
		reg[ 4 ] 128
		reg[ 5 ] -1409
		reg[ 6 ] 0
		reg[ 7 ] 128
end state

@@@
state:
	pc 9
	memory:
		mem[ 0 ] 0x00A80010
		mem[ 1 ] 0x00A90011
		mem[ 2 ] 0x00AA0012
		mem[ 3 ] 0x00AF0013
		mem[ 4 ] 0x007F0004
		mem[ 5 ] 0x00490005
		mem[ 6 ] 0x00650004
		mem[ 7 ] 0x01260002
		mem[ 8 ] 0x00030003
		mem[ 9 ] 0x000A0001
		mem[ 10 ] 0x00000000
		mem[ 11 ] 0x00120002
		mem[ 12 ] 0x003F0007
		mem[ 13 ] 0x010E0001
		mem[ 14 ] 0x0136FFF5
		mem[ 15 ] 0x01800000
		mem[ 16 ] 0x0000183B
		mem[ 17 ] 0x00000595
		mem[ 18 ] 0xFFFFFFFF
		mem[ 19 ] 0x00000001
	registers:
		reg[ 0 ] 793984
		reg[ 1 ] 1408
		reg[ 2 ] -128
		reg[ 3 ] 924247
		reg[ 4 ] 128
		reg[ 5 ] -1409
		reg[ 6 ] 0
		reg[ 7 ] 128
end state

@@@
state:
	pc 10
	memory:
		mem[ 0 ] 0x00A80010
		mem[ 1 ] 0x00A90011
		mem[ 2 ] 0x00AA0012
		mem[ 3 ] 0x00AF0013
		mem[ 4 ] 0x007F0004
		mem[ 5 ] 0x00490005
		mem[ 6 ] 0x00650004
		mem[ 7 ] 0x01260002
		mem[ 8 ] 0x00030003
		mem[ 9 ] 0x000A0001
		mem[ 10 ] 0x00000000
		mem[ 11 ] 0x00120002
		mem[ 12 ] 0x003F0007
		mem[ 13 ] 0x010E0001
		mem[ 14 ] 0x0136FFF5
		mem[ 15 ] 0x01800000
		mem[ 16 ] 0x0000183B
		mem[ 17 ] 0x00000595
		mem[ 18 ] 0xFFFFFFFF
		mem[ 19 ] 0x00000001
	registers:
		reg[ 0 ] 793984
		reg[ 1 ] 1280
		reg[ 2 ] -128
		reg[ 3 ] 924247
		reg[ 4 ] 128
		reg[ 5 ] -1409
		reg[ 6 ] 0
		reg[ 7 ] 128
end state

@@@
state:
	pc 11
	memory:
		mem[ 0 ] 0x00A80010
		mem[ 1 ] 0x00A90011
		mem[ 2 ] 0x00AA0012
		mem[ 3 ] 0x00AF0013
		mem[ 4 ] 0x007F0004
		mem[ 5 ] 0x00490005
		mem[ 6 ] 0x00650004
		mem[ 7 ] 0x01260002
		mem[ 8 ] 0x00030003
		mem[ 9 ] 0x000A0001
		mem[ 10 ] 0x00000000
		mem[ 11 ] 0x00120002
		mem[ 12 ] 0x003F0007
		mem[ 13 ] 0x010E0001
		mem[ 14 ] 0x0136FFF5
		mem[ 15 ] 0x01800000
		mem[ 16 ] 0x0000183B
		mem[ 17 ] 0x00000595
		mem[ 18 ] 0xFFFFFFFF
		mem[ 19 ] 0x00000001
	registers:
		reg[ 0 ] 1587968
		reg[ 1 ] 1280
		reg[ 2 ] -128
		reg[ 3 ] 924247
		reg[ 4 ] 128
		reg[ 5 ] -1409
		reg[ 6 ] 0
		reg[ 7 ] 128
end state

@@@
state:
	pc 12
	memory:
		mem[ 0 ] 0x00A80010
		mem[ 1 ] 0x00A90011
		mem[ 2 ] 0x00AA0012
		mem[ 3 ] 0x00AF0013
		mem[ 4 ] 0x007F0004
		mem[ 5 ] 0x00490005
		mem[ 6 ] 0x00650004
		mem[ 7 ] 0x01260002
		mem[ 8 ] 0x00030003
		mem[ 9 ] 0x000A0001
		mem[ 10 ] 0x00000000
		mem[ 11 ] 0x00120002
		mem[ 12 ] 0x003F0007
		mem[ 13 ] 0x010E0001
		mem[ 14 ] 0x0136FFF5
		mem[ 15 ] 0x01800000
		mem[ 16 ] 0x0000183B
		mem[ 17 ] 0x00000595
		mem[ 18 ] 0xFFFFFFFF
		mem[ 19 ] 0x00000001
	registers:
		reg[ 0 ] 1587968
		reg[ 1 ] 1280
		reg[ 2 ] -256
		reg[ 3 ] 924247
		reg[ 4 ] 128
		reg[ 5 ] -1409
		reg[ 6 ] 0
		reg[ 7 ] 128
end state

@@@
state:
	pc 13
	memory:
		mem[ 0 ] 0x00A80010
		mem[ 1 ] 0x00A90011
		mem[ 2 ] 0x00AA0012
		mem[ 3 ] 0x00AF0013
		mem[ 4 ] 0x007F0004
		mem[ 5 ] 0x00490005
		mem[ 6 ] 0x00650004
		mem[ 7 ] 0x01260002
		mem[ 8 ] 0x00030003
		mem[ 9 ] 0x000A0001
		mem[ 10 ] 0x00000000
		mem[ 11 ] 0x00120002
		mem[ 12 ] 0x003F0007
		mem[ 13 ] 0x010E0001
		mem[ 14 ] 0x0136FFF5
		mem[ 15 ] 0x01800000
		mem[ 16 ] 0x0000183B
		mem[ 17 ] 0x00000595
		mem[ 18 ] 0xFFFFFFFF
		mem[ 19 ] 0x00000001
	registers:
		reg[ 0 ] 1587968
		reg[ 1 ] 1280
		reg[ 2 ] -256
		reg[ 3 ] 924247
		reg[ 4 ] 128
		reg[ 5 ] -1409
		reg[ 6 ] 0
		reg[ 7 ] 256
end state

@@@
state:
	pc 14
	memory:
		mem[ 0 ] 0x00A80010
		mem[ 1 ] 0x00A90011
		mem[ 2 ] 0x00AA0012
		mem[ 3 ] 0x00AF0013
		mem[ 4 ] 0x007F0004
		mem[ 5 ] 0x00490005
		mem[ 6 ] 0x00650004
		mem[ 7 ] 0x01260002
		mem[ 8 ] 0x00030003
		mem[ 9 ] 0x000A0001
		mem[ 10 ] 0x00000000
		mem[ 11 ] 0x00120002
		mem[ 12 ] 0x003F0007
		mem[ 13 ] 0x010E0001
		mem[ 14 ] 0x0136FFF5
		mem[ 15 ] 0x01800000
		mem[ 16 ] 0x0000183B
		mem[ 17 ] 0x00000595
		mem[ 18 ] 0xFFFFFFFF
		mem[ 19 ] 0x00000001
	registers:
		reg[ 0 ] 1587968
		reg[ 1 ] 1280
		reg[ 2 ] -256
		reg[ 3 ] 924247
		reg[ 4 ] 128
		reg[ 5 ] -1409
		reg[ 6 ] 0
		reg[ 7 ] 256
end state

@@@
state:
	pc 4
	memory:
		mem[ 0 ] 0x00A80010
		mem[ 1 ] 0x00A90011
		mem[ 2 ] 0x00AA0012
		mem[ 3 ] 0x00AF0013
		mem[ 4 ] 0x007F0004
		mem[ 5 ] 0x00490005
		mem[ 6 ] 0x00650004
		mem[ 7 ] 0x01260002
		mem[ 8 ] 0x00030003
		mem[ 9 ] 0x000A0001
		mem[ 10 ] 0x00000000
		mem[ 11 ] 0x00120002
		mem[ 12 ] 0x003F0007
		mem[ 13 ] 0x010E0001
		mem[ 14 ] 0x0136FFF5
		mem[ 15 ] 0x01800000
		mem[ 16 ] 0x0000183B
		mem[ 17 ] 0x00000595
		mem[ 18 ] 0xFFFFFFFF
		mem[ 19 ] 0x00000001
	registers:
		reg[ 0 ] 1587968
		reg[ 1 ] 1280
		reg[ 2 ] -256
		reg[ 3 ] 924247
		reg[ 4 ] 128
		reg[ 5 ] -1409
		reg[ 6 ] 0
		reg[ 7 ] 256
end state

@@@
state:
	pc 5
	memory:
		mem[ 0 ] 0x00A80010
		mem[ 1 ] 0x00A90011
		mem[ 2 ] 0x00AA0012
		mem[ 3 ] 0x00AF0013
		mem[ 4 ] 0x007F0004
		mem[ 5 ] 0x00490005
		mem[ 6 ] 0x00650004
		mem[ 7 ] 0x01260002
		mem[ 8 ] 0x00030003
		mem[ 9 ] 0x000A0001
		mem[ 10 ] 0x00000000
		mem[ 11 ] 0x00120002
		mem[ 12 ] 0x003F0007
		mem[ 13 ] 0x010E0001
		mem[ 14 ] 0x0136FFF5
		mem[ 15 ] 0x01800000
		mem[ 16 ] 0x0000183B
		mem[ 17 ] 0x00000595
		mem[ 18 ] 0xFFFFFFFF
		mem[ 19 ] 0x00000001
	registers:
		reg[ 0 ] 1587968
		reg[ 1 ] 1280
		reg[ 2 ] -256
		reg[ 3 ] 924247
		reg[ 4 ] -257
		reg[ 5 ] -1409
		reg[ 6 ] 0
		reg[ 7 ] 256
end state

@@@
state:
	pc 6
	memory:
		mem[ 0 ] 0x00A80010
		mem[ 1 ] 0x00A90011
		mem[ 2 ] 0x00AA0012
		mem[ 3 ] 0x00AF0013
		mem[ 4 ] 0x007F0004
		mem[ 5 ] 0x00490005
		mem[ 6 ] 0x00650004
		mem[ 7 ] 0x01260002
		mem[ 8 ] 0x00030003
		mem[ 9 ] 0x000A0001
		mem[ 10 ] 0x00000000
		mem[ 11 ] 0x00120002
		mem[ 12 ] 0x003F0007
		mem[ 13 ] 0x010E0001
		mem[ 14 ] 0x0136FFF5
		mem[ 15 ] 0x01800000
		mem[ 16 ] 0x0000183B
		mem[ 17 ] 0x00000595
		mem[ 18 ] 0xFFFFFFFF
		mem[ 19 ] 0x00000001
	registers:
		reg[ 0 ] 1587968
		reg[ 1 ] 1280
		reg[ 2 ] -256
		reg[ 3 ] 924247
		reg[ 4 ] -257
		reg[ 5 ] -1281
		reg[ 6 ] 0
		reg[ 7 ] 256
end state

@@@
state:
	pc 7
	memory:
		mem[ 0 ] 0x00A80010
		mem[ 1 ] 0x00A90011
		mem[ 2 ] 0x00AA0012
		mem[ 3 ] 0x00AF0013
		mem[ 4 ] 0x007F0004
		mem[ 5 ] 0x00490005
		mem[ 6 ] 0x00650004
		mem[ 7 ] 0x01260002
		mem[ 8 ] 0x00030003
		mem[ 9 ] 0x000A0001
		mem[ 10 ] 0x00000000
		mem[ 11 ] 0x00120002
		mem[ 12 ] 0x003F0007
		mem[ 13 ] 0x010E0001
		mem[ 14 ] 0x0136FFF5
		mem[ 15 ] 0x01800000
		mem[ 16 ] 0x0000183B
		mem[ 17 ] 0x00000595
		mem[ 18 ] 0xFFFFFFFF
		mem[ 19 ] 0x00000001
	registers:
		reg[ 0 ] 1587968
		reg[ 1 ] 1280
		reg[ 2 ] -256
		reg[ 3 ] 924247
		reg[ 4 ] 256
		reg[ 5 ] -1281
		reg[ 6 ] 0
		reg[ 7 ] 256
end state

@@@
state:
	pc 8
	memory:
		mem[ 0 ] 0x00A80010
		mem[ 1 ] 0x00A90011
		mem[ 2 ] 0x00AA0012
		mem[ 3 ] 0x00AF0013
		mem[ 4 ] 0x007F0004
		mem[ 5 ] 0x00490005
		mem[ 6 ] 0x00650004
		mem[ 7 ] 0x01260002
		mem[ 8 ] 0x00030003
		mem[ 9 ] 0x000A0001
		mem[ 10 ] 0x00000000
		mem[ 11 ] 0x00120002
		mem[ 12 ] 0x003F0007
		mem[ 13 ] 0x010E0001
		mem[ 14 ] 0x0136FFF5
		mem[ 15 ] 0x01800000
		mem[ 16 ] 0x0000183B
		mem[ 17 ] 0x00000595
		mem[ 18 ] 0xFFFFFFFF
		mem[ 19 ] 0x00000001
	registers:
		reg[ 0 ] 1587968
		reg[ 1 ] 1280
		reg[ 2 ] -256
		reg[ 3 ] 924247
		reg[ 4 ] 256
		reg[ 5 ] -1281
		reg[ 6 ] 0
		reg[ 7 ] 256
end state

@@@
state:
	pc 9
	memory:
		mem[ 0 ] 0x00A80010
		mem[ 1 ] 0x00A90011
		mem[ 2 ] 0x00AA0012
		mem[ 3 ] 0x00AF0013
		mem[ 4 ] 0x007F0004
		mem[ 5 ] 0x00490005
		mem[ 6 ] 0x00650004
		mem[ 7 ] 0x01260002
		mem[ 8 ] 0x00030003
		mem[ 9 ] 0x000A0001
		mem[ 10 ] 0x00000000
		mem[ 11 ] 0x00120002
		mem[ 12 ] 0x003F0007
		mem[ 13 ] 0x010E0001
		mem[ 14 ] 0x0136FFF5
		mem[ 15 ] 0x01800000
		mem[ 16 ] 0x0000183B
		mem[ 17 ] 0x00000595
		mem[ 18 ] 0xFFFFFFFF
		mem[ 19 ] 0x00000001
	registers:
		reg[ 0 ] 1587968
		reg[ 1 ] 1280
		reg[ 2 ] -256
		reg[ 3 ] 2512215
		reg[ 4 ] 256
		reg[ 5 ] -1281
		reg[ 6 ] 0
		reg[ 7 ] 256
end state

@@@
state:
	pc 10
	memory:
		mem[ 0 ] 0x00A80010
		mem[ 1 ] 0x00A90011
		mem[ 2 ] 0x00AA0012
		mem[ 3 ] 0x00AF0013
		mem[ 4 ] 0x007F0004
		mem[ 5 ] 0x00490005
		mem[ 6 ] 0x00650004
		mem[ 7 ] 0x01260002
		mem[ 8 ] 0x00030003
		mem[ 9 ] 0x000A0001
		mem[ 10 ] 0x00000000
		mem[ 11 ] 0x00120002
		mem[ 12 ] 0x003F0007
		mem[ 13 ] 0x010E0001
		mem[ 14 ] 0x0136FFF5
		mem[ 15 ] 0x01800000
		mem[ 16 ] 0x0000183B
		mem[ 17 ] 0x00000595
		mem[ 18 ] 0xFFFFFFFF
		mem[ 19 ] 0x00000001
	registers:
		reg[ 0 ] 1587968
		reg[ 1 ] 1024
		reg[ 2 ] -256
		reg[ 3 ] 2512215
		reg[ 4 ] 256
		reg[ 5 ] -1281
		reg[ 6 ] 0
		reg[ 7 ] 256
end state

@@@
state:
	pc 11
	memory:
		mem[ 0 ] 0x00A80010
		mem[ 1 ] 0x00A90011
		mem[ 2 ] 0x00AA0012
		mem[ 3 ] 0x00AF0013
		mem[ 4 ] 0x007F0004
		mem[ 5 ] 0x00490005
		mem[ 6 ] 0x00650004
		mem[ 7 ] 0x01260002
		mem[ 8 ] 0x00030003
		mem[ 9 ] 0x000A0001
		mem[ 10 ] 0x00000000
		mem[ 11 ] 0x00120002
		mem[ 12 ] 0x003F0007
		mem[ 13 ] 0x010E0001
		mem[ 14 ] 0x0136FFF5
		mem[ 15 ] 0x01800000
		mem[ 16 ] 0x0000183B
		mem[ 17 ] 0x00000595
		mem[ 18 ] 0xFFFFFFFF
		mem[ 19 ] 0x00000001
	registers:
		reg[ 0 ] 3175936
		reg[ 1 ] 1024
		reg[ 2 ] -256
		reg[ 3 ] 2512215
		reg[ 4 ] 256
		reg[ 5 ] -1281
		reg[ 6 ] 0
		reg[ 7 ] 256
end state

@@@
state:
	pc 12
	memory:
		mem[ 0 ] 0x00A80010
		mem[ 1 ] 0x00A90011
		mem[ 2 ] 0x00AA0012
		mem[ 3 ] 0x00AF0013
		mem[ 4 ] 0x007F0004
		mem[ 5 ] 0x00490005
		mem[ 6 ] 0x00650004
		mem[ 7 ] 0x01260002
		mem[ 8 ] 0x00030003
		mem[ 9 ] 0x000A0001
		mem[ 10 ] 0x00000000
		mem[ 11 ] 0x00120002
		mem[ 12 ] 0x003F0007
		mem[ 13 ] 0x010E0001
		mem[ 14 ] 0x0136FFF5
		mem[ 15 ] 0x01800000
		mem[ 16 ] 0x0000183B
		mem[ 17 ] 0x00000595
		mem[ 18 ] 0xFFFFFFFF
		mem[ 19 ] 0x00000001
	registers:
		reg[ 0 ] 3175936
		reg[ 1 ] 1024
		reg[ 2 ] -512
		reg[ 3 ] 2512215
		reg[ 4 ] 256
		reg[ 5 ] -1281
		reg[ 6 ] 0
		reg[ 7 ] 256
end state

@@@
state:
	pc 13
	memory:
		mem[ 0 ] 0x00A80010
		mem[ 1 ] 0x00A90011
		mem[ 2 ] 0x00AA0012
		mem[ 3 ] 0x00AF0013
		mem[ 4 ] 0x007F0004
		mem[ 5 ] 0x00490005
		mem[ 6 ] 0x00650004
		mem[ 7 ] 0x01260002
		mem[ 8 ] 0x00030003
		mem[ 9 ] 0x000A0001
		mem[ 10 ] 0x00000000
		mem[ 11 ] 0x00120002
		mem[ 12 ] 0x003F0007
		mem[ 13 ] 0x010E0001
		mem[ 14 ] 0x0136FFF5
		mem[ 15 ] 0x01800000
		mem[ 16 ] 0x0000183B
		mem[ 17 ] 0x00000595
		mem[ 18 ] 0xFFFFFFFF
		mem[ 19 ] 0x00000001
	registers:
		reg[ 0 ] 3175936
		reg[ 1 ] 1024
		reg[ 2 ] -512
		reg[ 3 ] 2512215
		reg[ 4 ] 256
		reg[ 5 ] -1281
		reg[ 6 ] 0
		reg[ 7 ] 512
end state

@@@
state:
	pc 14
	memory:
		mem[ 0 ] 0x00A80010
		mem[ 1 ] 0x00A90011
		mem[ 2 ] 0x00AA0012
		mem[ 3 ] 0x00AF0013
		mem[ 4 ] 0x007F0004
		mem[ 5 ] 0x00490005
		mem[ 6 ] 0x00650004
		mem[ 7 ] 0x01260002
		mem[ 8 ] 0x00030003
		mem[ 9 ] 0x000A0001
		mem[ 10 ] 0x00000000
		mem[ 11 ] 0x00120002
		mem[ 12 ] 0x003F0007
		mem[ 13 ] 0x010E0001
		mem[ 14 ] 0x0136FFF5
		mem[ 15 ] 0x01800000
		mem[ 16 ] 0x0000183B
		mem[ 17 ] 0x00000595
		mem[ 18 ] 0xFFFFFFFF
		mem[ 19 ] 0x00000001
	registers:
		reg[ 0 ] 3175936
		reg[ 1 ] 1024
		reg[ 2 ] -512
		reg[ 3 ] 2512215
		reg[ 4 ] 256
		reg[ 5 ] -1281
		reg[ 6 ] 0
		reg[ 7 ] 512
end state

@@@
state:
	pc 4
	memory:
		mem[ 0 ] 0x00A80010
		mem[ 1 ] 0x00A90011
		mem[ 2 ] 0x00AA0012
		mem[ 3 ] 0x00AF0013
		mem[ 4 ] 0x007F0004
		mem[ 5 ] 0x00490005
		mem[ 6 ] 0x00650004
		mem[ 7 ] 0x01260002
		mem[ 8 ] 0x00030003
		mem[ 9 ] 0x000A0001
		mem[ 10 ] 0x00000000
		mem[ 11 ] 0x00120002
		mem[ 12 ] 0x003F0007
		mem[ 13 ] 0x010E0001
		mem[ 14 ] 0x0136FFF5
		mem[ 15 ] 0x01800000
		mem[ 16 ] 0x0000183B
		mem[ 17 ] 0x00000595
		mem[ 18 ] 0xFFFFFFFF
		mem[ 19 ] 0x00000001
	registers:
		reg[ 0 ] 3175936
		reg[ 1 ] 1024
		reg[ 2 ] -512
		reg[ 3 ] 2512215
		reg[ 4 ] 256
		reg[ 5 ] -1281
		reg[ 6 ] 0
		reg[ 7 ] 512
end state

@@@
state:
	pc 5
	memory:
		mem[ 0 ] 0x00A80010
		mem[ 1 ] 0x00A90011
		mem[ 2 ] 0x00AA0012
		mem[ 3 ] 0x00AF0013
		mem[ 4 ] 0x007F0004
		mem[ 5 ] 0x00490005
		mem[ 6 ] 0x00650004
		mem[ 7 ] 0x01260002
		mem[ 8 ] 0x00030003
		mem[ 9 ] 0x000A0001
		mem[ 10 ] 0x00000000
		mem[ 11 ] 0x00120002
		mem[ 12 ] 0x003F0007
		mem[ 13 ] 0x010E0001
		mem[ 14 ] 0x0136FFF5
		mem[ 15 ] 0x01800000
		mem[ 16 ] 0x0000183B
		mem[ 17 ] 0x00000595
		mem[ 18 ] 0xFFFFFFFF
		mem[ 19 ] 0x00000001
	registers:
		reg[ 0 ] 3175936
		reg[ 1 ] 1024
		reg[ 2 ] -512
		reg[ 3 ] 2512215
		reg[ 4 ] -513
		reg[ 5 ] -1281
		reg[ 6 ] 0
		reg[ 7 ] 512
end state

@@@
state:
	pc 6
	memory:
		mem[ 0 ] 0x00A80010
		mem[ 1 ] 0x00A90011
		mem[ 2 ] 0x00AA0012
		mem[ 3 ] 0x00AF0013
		mem[ 4 ] 0x007F0004
		mem[ 5 ] 0x00490005
		mem[ 6 ] 0x00650004
		mem[ 7 ] 0x01260002
		mem[ 8 ] 0x00030003
		mem[ 9 ] 0x000A0001
		mem[ 10 ] 0x00000000
		mem[ 11 ] 0x00120002
		mem[ 12 ] 0x003F0007
		mem[ 13 ] 0x010E0001
		mem[ 14 ] 0x0136FFF5
		mem[ 15 ] 0x01800000
		mem[ 16 ] 0x0000183B
		mem[ 17 ] 0x00000595
		mem[ 18 ] 0xFFFFFFFF
		mem[ 19 ] 0x00000001
	registers:
		reg[ 0 ] 3175936
		reg[ 1 ] 1024
		reg[ 2 ] -512
		reg[ 3 ] 2512215
		reg[ 4 ] -513
		reg[ 5 ] -1025
		reg[ 6 ] 0
		reg[ 7 ] 512
end state

@@@
state:
	pc 7
	memory:
		mem[ 0 ] 0x00A80010
		mem[ 1 ] 0x00A90011
		mem[ 2 ] 0x00AA0012
		mem[ 3 ] 0x00AF0013
		mem[ 4 ] 0x007F0004
		mem[ 5 ] 0x00490005
		mem[ 6 ] 0x00650004
		mem[ 7 ] 0x01260002
		mem[ 8 ] 0x00030003
		mem[ 9 ] 0x000A0001
		mem[ 10 ] 0x00000000
		mem[ 11 ] 0x00120002
		mem[ 12 ] 0x003F0007
		mem[ 13 ] 0x010E0001
		mem[ 14 ] 0x0136FFF5
		mem[ 15 ] 0x01800000
		mem[ 16 ] 0x0000183B
		mem[ 17 ] 0x00000595
		mem[ 18 ] 0xFFFFFFFF
		mem[ 19 ] 0x00000001
	registers:
		reg[ 0 ] 3175936
		reg[ 1 ] 1024
		reg[ 2 ] -512
		reg[ 3 ] 2512215
		reg[ 4 ] 0
		reg[ 5 ] -1025
		reg[ 6 ] 0
		reg[ 7 ] 512
end state

@@@
state:
	pc 10
	memory:
		mem[ 0 ] 0x00A80010
		mem[ 1 ] 0x00A90011
		mem[ 2 ] 0x00AA0012
		mem[ 3 ] 0x00AF0013
		mem[ 4 ] 0x007F0004
		mem[ 5 ] 0x00490005
		mem[ 6 ] 0x00650004
		mem[ 7 ] 0x01260002
		mem[ 8 ] 0x00030003
		mem[ 9 ] 0x000A0001
		mem[ 10 ] 0x00000000
		mem[ 11 ] 0x00120002
		mem[ 12 ] 0x003F0007
		mem[ 13 ] 0x010E0001
		mem[ 14 ] 0x0136FFF5
		mem[ 15 ] 0x01800000
		mem[ 16 ] 0x0000183B
		mem[ 17 ] 0x00000595
		mem[ 18 ] 0xFFFFFFFF
		mem[ 19 ] 0x00000001
	registers:
		reg[ 0 ] 3175936
		reg[ 1 ] 1024
		reg[ 2 ] -512
		reg[ 3 ] 2512215
		reg[ 4 ] 0
		reg[ 5 ] -1025
		reg[ 6 ] 0
		reg[ 7 ] 512
end state

@@@
state:
	pc 11
	memory:
		mem[ 0 ] 0x00A80010
		mem[ 1 ] 0x00A90011
		mem[ 2 ] 0x00AA0012
		mem[ 3 ] 0x00AF0013
		mem[ 4 ] 0x007F0004
		mem[ 5 ] 0x00490005
		mem[ 6 ] 0x00650004
		mem[ 7 ] 0x01260002
		mem[ 8 ] 0x00030003
		mem[ 9 ] 0x000A0001
		mem[ 10 ] 0x00000000
		mem[ 11 ] 0x00120002
		mem[ 12 ] 0x003F0007
		mem[ 13 ] 0x010E0001
		mem[ 14 ] 0x0136FFF5
		mem[ 15 ] 0x01800000
		mem[ 16 ] 0x0000183B
		mem[ 17 ] 0x00000595
		mem[ 18 ] 0xFFFFFFFF
		mem[ 19 ] 0x00000001
	registers:
		reg[ 0 ] 6351872
		reg[ 1 ] 1024
		reg[ 2 ] -512
		reg[ 3 ] 2512215
		reg[ 4 ] 0
		reg[ 5 ] -1025
		reg[ 6 ] 0
		reg[ 7 ] 512
end state

@@@
state:
	pc 12
	memory:
		mem[ 0 ] 0x00A80010
		mem[ 1 ] 0x00A90011
		mem[ 2 ] 0x00AA0012
		mem[ 3 ] 0x00AF0013
		mem[ 4 ] 0x007F0004
		mem[ 5 ] 0x00490005
		mem[ 6 ] 0x00650004
		mem[ 7 ] 0x01260002
		mem[ 8 ] 0x00030003
		mem[ 9 ] 0x000A0001
		mem[ 10 ] 0x00000000
		mem[ 11 ] 0x00120002
		mem[ 12 ] 0x003F0007
		mem[ 13 ] 0x010E0001
		mem[ 14 ] 0x0136FFF5
		mem[ 15 ] 0x01800000
		mem[ 16 ] 0x0000183B
		mem[ 17 ] 0x00000595
		mem[ 18 ] 0xFFFFFFFF
		mem[ 19 ] 0x00000001
	registers:
		reg[ 0 ] 6351872
		reg[ 1 ] 1024
		reg[ 2 ] -1024
		reg[ 3 ] 2512215
		reg[ 4 ] 0
		reg[ 5 ] -1025
		reg[ 6 ] 0
		reg[ 7 ] 512
end state

@@@
state:
	pc 13
	memory:
		mem[ 0 ] 0x00A80010
		mem[ 1 ] 0x00A90011
		mem[ 2 ] 0x00AA0012
		mem[ 3 ] 0x00AF0013
		mem[ 4 ] 0x007F0004
		mem[ 5 ] 0x00490005
		mem[ 6 ] 0x00650004
		mem[ 7 ] 0x01260002
		mem[ 8 ] 0x00030003
		mem[ 9 ] 0x000A0001
		mem[ 10 ] 0x00000000
		mem[ 11 ] 0x00120002
		mem[ 12 ] 0x003F0007
		mem[ 13 ] 0x010E0001
		mem[ 14 ] 0x0136FFF5
		mem[ 15 ] 0x01800000
		mem[ 16 ] 0x0000183B
		mem[ 17 ] 0x00000595
		mem[ 18 ] 0xFFFFFFFF
		mem[ 19 ] 0x00000001
	registers:
		reg[ 0 ] 6351872
		reg[ 1 ] 1024
		reg[ 2 ] -1024
		reg[ 3 ] 2512215
		reg[ 4 ] 0
		reg[ 5 ] -1025
		reg[ 6 ] 0
		reg[ 7 ] 1024
end state

@@@
state:
	pc 14
	memory:
		mem[ 0 ] 0x00A80010
		mem[ 1 ] 0x00A90011
		mem[ 2 ] 0x00AA0012
		mem[ 3 ] 0x00AF0013
		mem[ 4 ] 0x007F0004
		mem[ 5 ] 0x00490005
		mem[ 6 ] 0x00650004
		mem[ 7 ] 0x01260002
		mem[ 8 ] 0x00030003
		mem[ 9 ] 0x000A0001
		mem[ 10 ] 0x00000000
		mem[ 11 ] 0x00120002
		mem[ 12 ] 0x003F0007
		mem[ 13 ] 0x010E0001
		mem[ 14 ] 0x0136FFF5
		mem[ 15 ] 0x01800000
		mem[ 16 ] 0x0000183B
		mem[ 17 ] 0x00000595
		mem[ 18 ] 0xFFFFFFFF
		mem[ 19 ] 0x00000001
	registers:
		reg[ 0 ] 6351872
		reg[ 1 ] 1024
		reg[ 2 ] -1024
		reg[ 3 ] 2512215
		reg[ 4 ] 0
		reg[ 5 ] -1025
		reg[ 6 ] 0
		reg[ 7 ] 1024
end state

@@@
state:
	pc 4
	memory:
		mem[ 0 ] 0x00A80010
		mem[ 1 ] 0x00A90011
		mem[ 2 ] 0x00AA0012
		mem[ 3 ] 0x00AF0013
		mem[ 4 ] 0x007F0004
		mem[ 5 ] 0x00490005
		mem[ 6 ] 0x00650004
		mem[ 7 ] 0x01260002
		mem[ 8 ] 0x00030003
		mem[ 9 ] 0x000A0001
		mem[ 10 ] 0x00000000
		mem[ 11 ] 0x00120002
		mem[ 12 ] 0x003F0007
		mem[ 13 ] 0x010E0001
		mem[ 14 ] 0x0136FFF5
		mem[ 15 ] 0x01800000
		mem[ 16 ] 0x0000183B
		mem[ 17 ] 0x00000595
		mem[ 18 ] 0xFFFFFFFF
		mem[ 19 ] 0x00000001
	registers:
		reg[ 0 ] 6351872
		reg[ 1 ] 1024
		reg[ 2 ] -1024
		reg[ 3 ] 2512215
		reg[ 4 ] 0
		reg[ 5 ] -1025
		reg[ 6 ] 0
		reg[ 7 ] 1024
end state

@@@
state:
	pc 5
	memory:
		mem[ 0 ] 0x00A80010
		mem[ 1 ] 0x00A90011
		mem[ 2 ] 0x00AA0012
		mem[ 3 ] 0x00AF0013
		mem[ 4 ] 0x007F0004
		mem[ 5 ] 0x00490005
		mem[ 6 ] 0x00650004
		mem[ 7 ] 0x01260002
		mem[ 8 ] 0x00030003
		mem[ 9 ] 0x000A0001
		mem[ 10 ] 0x00000000
		mem[ 11 ] 0x00120002
		mem[ 12 ] 0x003F0007
		mem[ 13 ] 0x010E0001
		mem[ 14 ] 0x0136FFF5
		mem[ 15 ] 0x01800000
		mem[ 16 ] 0x0000183B
		mem[ 17 ] 0x00000595
		mem[ 18 ] 0xFFFFFFFF
		mem[ 19 ] 0x00000001
	registers:
		reg[ 0 ] 6351872
		reg[ 1 ] 1024
		reg[ 2 ] -1024
		reg[ 3 ] 2512215
		reg[ 4 ] -1025
		reg[ 5 ] -1025
		reg[ 6 ] 0
		reg[ 7 ] 1024
end state

@@@
state:
	pc 6
	memory:
		mem[ 0 ] 0x00A80010
		mem[ 1 ] 0x00A90011
		mem[ 2 ] 0x00AA0012
		mem[ 3 ] 0x00AF0013
		mem[ 4 ] 0x007F0004
		mem[ 5 ] 0x00490005
		mem[ 6 ] 0x00650004
		mem[ 7 ] 0x01260002
		mem[ 8 ] 0x00030003
		mem[ 9 ] 0x000A0001
		mem[ 10 ] 0x00000000
		mem[ 11 ] 0x00120002
		mem[ 12 ] 0x003F0007
		mem[ 13 ] 0x010E0001
		mem[ 14 ] 0x0136FFF5
		mem[ 15 ] 0x01800000
		mem[ 16 ] 0x0000183B
		mem[ 17 ] 0x00000595
		mem[ 18 ] 0xFFFFFFFF
		mem[ 19 ] 0x00000001
	registers:
		reg[ 0 ] 6351872
		reg[ 1 ] 1024
		reg[ 2 ] -1024
		reg[ 3 ] 2512215
		reg[ 4 ] -1025
		reg[ 5 ] -1025
		reg[ 6 ] 0
		reg[ 7 ] 1024
end state

@@@
state:
	pc 7
	memory:
		mem[ 0 ] 0x00A80010
		mem[ 1 ] 0x00A90011
		mem[ 2 ] 0x00AA0012
		mem[ 3 ] 0x00AF0013
		mem[ 4 ] 0x007F0004
		mem[ 5 ] 0x00490005
		mem[ 6 ] 0x00650004
		mem[ 7 ] 0x01260002
		mem[ 8 ] 0x00030003
		mem[ 9 ] 0x000A0001
		mem[ 10 ] 0x00000000
		mem[ 11 ] 0x00120002
		mem[ 12 ] 0x003F0007
		mem[ 13 ] 0x010E0001
		mem[ 14 ] 0x0136FFF5
		mem[ 15 ] 0x01800000
		mem[ 16 ] 0x0000183B
		mem[ 17 ] 0x00000595
		mem[ 18 ] 0xFFFFFFFF
		mem[ 19 ] 0x00000001
	registers:
		reg[ 0 ] 6351872
		reg[ 1 ] 1024
		reg[ 2 ] -1024
		reg[ 3 ] 2512215
		reg[ 4 ] 1024
		reg[ 5 ] -1025
		reg[ 6 ] 0
		reg[ 7 ] 1024
end state

@@@
state:
	pc 8
	memory:
		mem[ 0 ] 0x00A80010
		mem[ 1 ] 0x00A90011
		mem[ 2 ] 0x00AA0012
		mem[ 3 ] 0x00AF0013
		mem[ 4 ] 0x007F0004
		mem[ 5 ] 0x00490005
		mem[ 6 ] 0x00650004
		mem[ 7 ] 0x01260002
		mem[ 8 ] 0x00030003
		mem[ 9 ] 0x000A0001
		mem[ 10 ] 0x00000000
		mem[ 11 ] 0x00120002
		mem[ 12 ] 0x003F0007
		mem[ 13 ] 0x010E0001
		mem[ 14 ] 0x0136FFF5
		mem[ 15 ] 0x01800000
		mem[ 16 ] 0x0000183B
		mem[ 17 ] 0x00000595
		mem[ 18 ] 0xFFFFFFFF
		mem[ 19 ] 0x00000001
	registers:
		reg[ 0 ] 6351872
		reg[ 1 ] 1024
		reg[ 2 ] -1024
		reg[ 3 ] 2512215
		reg[ 4 ] 1024
		reg[ 5 ] -1025
		reg[ 6 ] 0
		reg[ 7 ] 1024
end state

@@@
state:
	pc 9
	memory:
		mem[ 0 ] 0x00A80010
		mem[ 1 ] 0x00A90011
		mem[ 2 ] 0x00AA0012
		mem[ 3 ] 0x00AF0013
		mem[ 4 ] 0x007F0004
		mem[ 5 ] 0x00490005
		mem[ 6 ] 0x00650004
		mem[ 7 ] 0x01260002
		mem[ 8 ] 0x00030003
		mem[ 9 ] 0x000A0001
		mem[ 10 ] 0x00000000
		mem[ 11 ] 0x00120002
		mem[ 12 ] 0x003F0007
		mem[ 13 ] 0x010E0001
		mem[ 14 ] 0x0136FFF5
		mem[ 15 ] 0x01800000
		mem[ 16 ] 0x0000183B
		mem[ 17 ] 0x00000595
		mem[ 18 ] 0xFFFFFFFF
		mem[ 19 ] 0x00000001
	registers:
		reg[ 0 ] 6351872
		reg[ 1 ] 1024
		reg[ 2 ] -1024
		reg[ 3 ] 8864087
		reg[ 4 ] 1024
		reg[ 5 ] -1025
		reg[ 6 ] 0
		reg[ 7 ] 1024
end state

@@@
state:
	pc 10
	memory:
		mem[ 0 ] 0x00A80010
		mem[ 1 ] 0x00A90011
		mem[ 2 ] 0x00AA0012
		mem[ 3 ] 0x00AF0013
		mem[ 4 ] 0x007F0004
		mem[ 5 ] 0x00490005
		mem[ 6 ] 0x00650004
		mem[ 7 ] 0x01260002
		mem[ 8 ] 0x00030003
		mem[ 9 ] 0x000A0001
		mem[ 10 ] 0x00000000
		mem[ 11 ] 0x00120002
		mem[ 12 ] 0x003F0007
		mem[ 13 ] 0x010E0001
		mem[ 14 ] 0x0136FFF5
		mem[ 15 ] 0x01800000
		mem[ 16 ] 0x0000183B
		mem[ 17 ] 0x00000595
		mem[ 18 ] 0xFFFFFFFF
		mem[ 19 ] 0x00000001
	registers:
		reg[ 0 ] 6351872
		reg[ 1 ] 0
		reg[ 2 ] -1024
		reg[ 3 ] 8864087
		reg[ 4 ] 1024
		reg[ 5 ] -1025
		reg[ 6 ] 0
		reg[ 7 ] 1024
end state

@@@
state:
	pc 11
	memory:
		mem[ 0 ] 0x00A80010
		mem[ 1 ] 0x00A90011
		mem[ 2 ] 0x00AA0012
		mem[ 3 ] 0x00AF0013
		mem[ 4 ] 0x007F0004
		mem[ 5 ] 0x00490005
		mem[ 6 ] 0x00650004
		mem[ 7 ] 0x01260002
		mem[ 8 ] 0x00030003
		mem[ 9 ] 0x000A0001
		mem[ 10 ] 0x00000000
		mem[ 11 ] 0x00120002
		mem[ 12 ] 0x003F0007
		mem[ 13 ] 0x010E0001
		mem[ 14 ] 0x0136FFF5
		mem[ 15 ] 0x01800000
		mem[ 16 ] 0x0000183B
		mem[ 17 ] 0x00000595
		mem[ 18 ] 0xFFFFFFFF
		mem[ 19 ] 0x00000001
	registers:
		reg[ 0 ] 12703744
		reg[ 1 ] 0
		reg[ 2 ] -1024
		reg[ 3 ] 8864087
		reg[ 4 ] 1024
		reg[ 5 ] -1025
		reg[ 6 ] 0
		reg[ 7 ] 1024
end state

@@@
state:
	pc 12
	memory:
		mem[ 0 ] 0x00A80010
		mem[ 1 ] 0x00A90011
		mem[ 2 ] 0x00AA0012
		mem[ 3 ] 0x00AF0013
		mem[ 4 ] 0x007F0004
		mem[ 5 ] 0x00490005
		mem[ 6 ] 0x00650004
		mem[ 7 ] 0x01260002
		mem[ 8 ] 0x00030003
		mem[ 9 ] 0x000A0001
		mem[ 10 ] 0x00000000
		mem[ 11 ] 0x00120002
		mem[ 12 ] 0x003F0007
		mem[ 13 ] 0x010E0001
		mem[ 14 ] 0x0136FFF5
		mem[ 15 ] 0x01800000
		mem[ 16 ] 0x0000183B
		mem[ 17 ] 0x00000595
		mem[ 18 ] 0xFFFFFFFF
		mem[ 19 ] 0x00000001
	registers:
		reg[ 0 ] 12703744
		reg[ 1 ] 0
		reg[ 2 ] -2048
		reg[ 3 ] 8864087
		reg[ 4 ] 1024
		reg[ 5 ] -1025
		reg[ 6 ] 0
		reg[ 7 ] 1024
end state

@@@
state:
	pc 13
	memory:
		mem[ 0 ] 0x00A80010
		mem[ 1 ] 0x00A90011
		mem[ 2 ] 0x00AA0012
		mem[ 3 ] 0x00AF0013
		mem[ 4 ] 0x007F0004
		mem[ 5 ] 0x00490005
		mem[ 6 ] 0x00650004
		mem[ 7 ] 0x01260002
		mem[ 8 ] 0x00030003
		mem[ 9 ] 0x000A0001
		mem[ 10 ] 0x00000000
		mem[ 11 ] 0x00120002
		mem[ 12 ] 0x003F0007
		mem[ 13 ] 0x010E0001
		mem[ 14 ] 0x0136FFF5
		mem[ 15 ] 0x01800000
		mem[ 16 ] 0x0000183B
		mem[ 17 ] 0x00000595
		mem[ 18 ] 0xFFFFFFFF
		mem[ 19 ] 0x00000001
	registers:
		reg[ 0 ] 12703744
		reg[ 1 ] 0
		reg[ 2 ] -2048
		reg[ 3 ] 8864087
		reg[ 4 ] 1024
		reg[ 5 ] -1025
		reg[ 6 ] 0
		reg[ 7 ] 2048
end state

@@@
state:
	pc 15
	memory:
		mem[ 0 ] 0x00A80010
		mem[ 1 ] 0x00A90011
		mem[ 2 ] 0x00AA0012
		mem[ 3 ] 0x00AF0013
		mem[ 4 ] 0x007F0004
		mem[ 5 ] 0x00490005
		mem[ 6 ] 0x00650004
		mem[ 7 ] 0x01260002
		mem[ 8 ] 0x00030003
		mem[ 9 ] 0x000A0001
		mem[ 10 ] 0x00000000
		mem[ 11 ] 0x00120002
		mem[ 12 ] 0x003F0007
		mem[ 13 ] 0x010E0001
		mem[ 14 ] 0x0136FFF5
		mem[ 15 ] 0x01800000
		mem[ 16 ] 0x0000183B
		mem[ 17 ] 0x00000595
		mem[ 18 ] 0xFFFFFFFF
		mem[ 19 ] 0x00000001
	registers:
		reg[ 0 ] 12703744
		reg[ 1 ] 0
		reg[ 2 ] -2048
		reg[ 3 ] 8864087
		reg[ 4 ] 1024
		reg[ 5 ] -1025
		reg[ 6 ] 0
		reg[ 7 ] 2048
end state

@@@
state:
	pc 16
	memory:
		mem[ 0 ] 0x00A80010
		mem[ 1 ] 0x00A90011
		mem[ 2 ] 0x00AA0012
		mem[ 3 ] 0x00AF0013
		mem[ 4 ] 0x007F0004
		mem[ 5 ] 0x00490005
		mem[ 6 ] 0x00650004
		mem[ 7 ] 0x01260002
		mem[ 8 ] 0x00030003
		mem[ 9 ] 0x000A0001
		mem[ 10 ] 0x00000000
		mem[ 11 ] 0x00120002
		mem[ 12 ] 0x003F0007
		mem[ 13 ] 0x010E0001
		mem[ 14 ] 0x0136FFF5
		mem[ 15 ] 0x01800000
		mem[ 16 ] 0x0000183B
		mem[ 17 ] 0x00000595
		mem[ 18 ] 0xFFFFFFFF
		mem[ 19 ] 0x00000001
	registers:
		reg[ 0 ] 12703744
		reg[ 1 ] 0
		reg[ 2 ] -2048
		reg[ 3 ] 8864087
		reg[ 4 ] 1024
		reg[ 5 ] -1025
		reg[ 6 ] 0
		reg[ 7 ] 2048
end state
